<?xml version="1.0" encoding="UTF-8"?>
<testsuite xmlns:xsi="http://www.w3.org/2001/XMLSchema-instance" xsi:noNamespaceSchemaLocation="https://maven.apache.org/surefire/maven-surefire-plugin/xsd/surefire-test-report-3.0.xsd" version="3.0" name="TestSuite" time="600.615" tests="26" errors="0" skipped="0" failures="2">
  <properties>
[...]
</properties>
  <testcase name="testBlogLink" classname="com.romanceabroad.ui.BlogTests" time="108.707">
    <system-out><![CDATA[https://romanceabroad.com/content/view/blog
]]></system-out>
    <system-err><![CDATA[Starting ChromeDriver 86.0.4240.22 (398b0743353ff36fb1b82468f63a3a93b4e2e89e-refs/branch-heads/4240@{#378}) on port 8461
Only local connections are allowed.
Please see https://chromedriver.chromium.org/security-considerations for suggestions on keeping ChromeDriver safe.
ChromeDriver was started successfully.
[1609715498.484][WARNING]: This version of ChromeDriver has not been tested with Chrome version 87.
Jan 03, 2021 5:11:38 PM org.openqa.selenium.remote.ProtocolHandshake createSession
INFO: Detected dialect: W3C
]]></system-err>
  </testcase>
  <testcase name="testGiftsLink" classname="com.romanceabroad.ui.GiftsTests" time="2.455">
    <system-out><![CDATA[https://romanceabroad.com/store/category-sweets
]]></system-out>
    <system-err><![CDATA[Starting ChromeDriver 86.0.4240.22 (398b0743353ff36fb1b82468f63a3a93b4e2e89e-refs/branch-heads/4240@{#378}) on port 41912
Only local connections are allowed.
Please see https://chromedriver.chromium.org/security-considerations for suggestions on keeping ChromeDriver safe.
ChromeDriver was started successfully.
[1609715624.699][WARNING]: This version of ChromeDriver has not been tested with Chrome version 87.
Jan 03, 2021 5:13:44 PM org.openqa.selenium.remote.ProtocolHandshake createSession
INFO: Detected dialect: W3C
]]></system-err>
  </testcase>
  <testcase name="testHowWeWorkLink" classname="com.romanceabroad.ui.HowWeWorkTests" time="1.83">
    <system-out><![CDATA[https://romanceabroad.com/content/view/how-it-works
]]></system-out>
    <system-err><![CDATA[Starting ChromeDriver 86.0.4240.22 (398b0743353ff36fb1b82468f63a3a93b4e2e89e-refs/branch-heads/4240@{#378}) on port 18206
Only local connections are allowed.
Please see https://chromedriver.chromium.org/security-considerations for suggestions on keeping ChromeDriver safe.
ChromeDriver was started successfully.
[1609715634.786][WARNING]: This version of ChromeDriver has not been tested with Chrome version 87.
Jan 03, 2021 5:13:55 PM org.openqa.selenium.remote.ProtocolHandshake createSession
INFO: Detected dialect: W3C
]]></system-err>
  </testcase>
  <testcase name="testMainTitleTestCase13" classname="com.romanceabroad.ui.HowWeWorkTests" time="2.806">
    <system-out><![CDATA[Wrong title in How it works page
]]></system-out>
    <system-err><![CDATA[Starting ChromeDriver 86.0.4240.22 (398b0743353ff36fb1b82468f63a3a93b4e2e89e-refs/branch-heads/4240@{#378}) on port 4191
Only local connections are allowed.
Please see https://chromedriver.chromium.org/security-considerations for suggestions on keeping ChromeDriver safe.
ChromeDriver was started successfully.
[1609715643.573][WARNING]: This version of ChromeDriver has not been tested with Chrome version 87.
Jan 03, 2021 5:14:03 PM org.openqa.selenium.remote.ProtocolHandshake createSession
INFO: Detected dialect: W3C
]]></system-err>
  </testcase>
  <testcase name="testCountPagesContentTestCase14" classname="com.romanceabroad.ui.HowWeWorkTests" time="2.814">
    <system-out><![CDATA[22
]]></system-out>
    <system-err><![CDATA[Starting ChromeDriver 86.0.4240.22 (398b0743353ff36fb1b82468f63a3a93b4e2e89e-refs/branch-heads/4240@{#378}) on port 23681
Only local connections are allowed.
Please see https://chromedriver.chromium.org/security-considerations for suggestions on keeping ChromeDriver safe.
ChromeDriver was started successfully.
[1609715653.357][WARNING]: This version of ChromeDriver has not been tested with Chrome version 87.
Jan 03, 2021 5:14:13 PM org.openqa.selenium.remote.ProtocolHandshake createSession
INFO: Detected dialect: W3C
]]></system-err>
  </testcase>
  <testcase name="testYoutubePlayButtonTestCase9" classname="com.romanceabroad.ui.MainTests" time="3.186">
    <system-err><![CDATA[Starting ChromeDriver 86.0.4240.22 (398b0743353ff36fb1b82468f63a3a93b4e2e89e-refs/branch-heads/4240@{#378}) on port 22447
Only local connections are allowed.
Please see https://chromedriver.chromium.org/security-considerations for suggestions on keeping ChromeDriver safe.
ChromeDriver was started successfully.
[1609715663.160][WARNING]: This version of ChromeDriver has not been tested with Chrome version 87.
Jan 03, 2021 5:14:23 PM org.openqa.selenium.remote.ProtocolHandshake createSession
INFO: Detected dialect: W3C
]]></system-err>
  </testcase>
  <testcase name="testCheckCountTitlesTestCase10" classname="com.romanceabroad.ui.MainTests" time="0.054">
    <system-out><![CDATA[8
There is a match
]]></system-out>
    <system-err><![CDATA[Starting ChromeDriver 86.0.4240.22 (398b0743353ff36fb1b82468f63a3a93b4e2e89e-refs/branch-heads/4240@{#378}) on port 30406
Only local connections are allowed.
Please see https://chromedriver.chromium.org/security-considerations for suggestions on keeping ChromeDriver safe.
ChromeDriver was started successfully.
[1609715673.398][WARNING]: This version of ChromeDriver has not been tested with Chrome version 87.
Jan 03, 2021 5:14:33 PM org.openqa.selenium.remote.ProtocolHandshake createSession
INFO: Detected dialect: W3C
]]></system-err>
  </testcase>
  <testcase name="testCheckMainTitlesTestCase11" classname="com.romanceabroad.ui.MainTests" time="0.116">
    <system-out><![CDATA[HOME
There is a match
]]></system-out>
    <system-err><![CDATA[Starting ChromeDriver 86.0.4240.22 (398b0743353ff36fb1b82468f63a3a93b4e2e89e-refs/branch-heads/4240@{#378}) on port 10240
Only local connections are allowed.
Please see https://chromedriver.chromium.org/security-considerations for suggestions on keeping ChromeDriver safe.
ChromeDriver was started successfully.
[1609715680.594][WARNING]: This version of ChromeDriver has not been tested with Chrome version 87.
Jan 03, 2021 5:14:40 PM org.openqa.selenium.remote.ProtocolHandshake createSession
INFO: Detected dialect: W3C
]]></system-err>
  </testcase>
  <testcase name="testPhotosLink" classname="com.romanceabroad.ui.PhotosTests" time="4.139">
    <system-out><![CDATA[Child!!!
https://romanceabroad.com/media/index
]]></system-out>
    <system-err><![CDATA[Starting ChromeDriver 86.0.4240.22 (398b0743353ff36fb1b82468f63a3a93b4e2e89e-refs/branch-heads/4240@{#378}) on port 21765
Only local connections are allowed.
Please see https://chromedriver.chromium.org/security-considerations for suggestions on keeping ChromeDriver safe.
ChromeDriver was started successfully.
[1609715687.707][WARNING]: This version of ChromeDriver has not been tested with Chrome version 87.
Jan 03, 2021 5:14:47 PM org.openqa.selenium.remote.ProtocolHandshake createSession
INFO: Detected dialect: W3C
]]></system-err>
  </testcase>
  <testcase name="testClickButtonAddPhoto" classname="com.romanceabroad.ui.PhotosTests" time="4.183">
    <system-out><![CDATA[Sort By:                                 Views count
                            
3
]]></system-out>
    <system-err><![CDATA[Starting ChromeDriver 86.0.4240.22 (398b0743353ff36fb1b82468f63a3a93b4e2e89e-refs/branch-heads/4240@{#378}) on port 20151
Only local connections are allowed.
Please see https://chromedriver.chromium.org/security-considerations for suggestions on keeping ChromeDriver safe.
ChromeDriver was started successfully.
[1609715699.548][WARNING]: This version of ChromeDriver has not been tested with Chrome version 87.
Jan 03, 2021 5:14:59 PM org.openqa.selenium.remote.ProtocolHandshake createSession
INFO: Detected dialect: W3C
]]></system-err>
  </testcase>
  <testcase name="testTabs" classname="com.romanceabroad.ui.PhotosTests" time="3.211">
    <system-err><![CDATA[Starting ChromeDriver 86.0.4240.22 (398b0743353ff36fb1b82468f63a3a93b4e2e89e-refs/branch-heads/4240@{#378}) on port 7396
Only local connections are allowed.
Please see https://chromedriver.chromium.org/security-considerations for suggestions on keeping ChromeDriver safe.
ChromeDriver was started successfully.
[1609715711.210][WARNING]: This version of ChromeDriver has not been tested with Chrome version 87.
Jan 03, 2021 5:15:11 PM org.openqa.selenium.remote.ProtocolHandshake createSession
INFO: Detected dialect: W3C
]]></system-err>
  </testcase>
  <testcase name="testPrettyWomenLink" classname="com.romanceabroad.ui.PrettyWomenTests" time="6.705">
    <system-out><![CDATA[Parent!!!
https://romanceabroad.com/users/search
]]></system-out>
    <system-err><![CDATA[Starting ChromeDriver 86.0.4240.22 (398b0743353ff36fb1b82468f63a3a93b4e2e89e-refs/branch-heads/4240@{#378}) on port 23349
Only local connections are allowed.
Please see https://chromedriver.chromium.org/security-considerations for suggestions on keeping ChromeDriver safe.
ChromeDriver was started successfully.
[1609715720.856][WARNING]: This version of ChromeDriver has not been tested with Chrome version 87.
Jan 03, 2021 5:15:21 PM org.openqa.selenium.remote.ProtocolHandshake createSession
INFO: Detected dialect: W3C
]]></system-err>
  </testcase>
  <testcase name="searchDifferentResults[18, 80, Default](1)" classname="com.romanceabroad.ui.PrettyWomenTests" time="84.003">
    <system-out><![CDATA[18 and 80
Parent!!!
Parent!!!
This age: 36 is correct
This age: 43 is correct
This age: 26 is correct
This age: 46 is correct
This age: 39 is correct
This age: 30 is correct
This age: 28 is correct
This age: 40 is correct
This age: 44 is correct
This age: 25 is correct
This age: 46 is correct
This age: 45 is correct
]]></system-out>
    <system-err><![CDATA[Starting ChromeDriver 86.0.4240.22 (398b0743353ff36fb1b82468f63a3a93b4e2e89e-refs/branch-heads/4240@{#378}) on port 24546
Only local connections are allowed.
Please see https://chromedriver.chromium.org/security-considerations for suggestions on keeping ChromeDriver safe.
ChromeDriver was started successfully.
[1609715735.860][WARNING]: This version of ChromeDriver has not been tested with Chrome version 87.
Jan 03, 2021 5:15:36 PM org.openqa.selenium.remote.ProtocolHandshake createSession
INFO: Detected dialect: W3C
]]></system-err>
  </testcase>
  <testcase name="searchDifferentResults[18, 19, Name](2)" classname="com.romanceabroad.ui.PrettyWomenTests" time="8.417">
    <system-out><![CDATA[18 and 19
Parent!!!
Parent!!!
]]></system-out>
    <system-err><![CDATA[Starting ChromeDriver 86.0.4240.22 (398b0743353ff36fb1b82468f63a3a93b4e2e89e-refs/branch-heads/4240@{#378}) on port 41829
Only local connections are allowed.
Please see https://chromedriver.chromium.org/security-considerations for suggestions on keeping ChromeDriver safe.
ChromeDriver was started successfully.
[1609715828.736][WARNING]: This version of ChromeDriver has not been tested with Chrome version 87.
Jan 03, 2021 5:17:08 PM org.openqa.selenium.remote.ProtocolHandshake createSession
INFO: Detected dialect: W3C
]]></system-err>
  </testcase>
  <testcase name="searchDifferentResults[30, 40, Views](3)" classname="com.romanceabroad.ui.PrettyWomenTests" time="83.54">
    <system-out><![CDATA[30 and 40
Parent!!!
Parent!!!
This age: 36 is correct
This age: 39 is correct
This age: 30 is correct
This age: 40 is correct
This age: 38 is correct
This age: 38 is correct
This age: 33 is correct
This age: 35 is correct
This age: 35 is correct
This age: 30 is correct
This age: 32 is correct
This age: 32 is correct
]]></system-out>
    <system-err><![CDATA[Starting ChromeDriver 86.0.4240.22 (398b0743353ff36fb1b82468f63a3a93b4e2e89e-refs/branch-heads/4240@{#378}) on port 9383
Only local connections are allowed.
Please see https://chromedriver.chromium.org/security-considerations for suggestions on keeping ChromeDriver safe.
ChromeDriver was started successfully.
[1609715844.319][WARNING]: This version of ChromeDriver has not been tested with Chrome version 87.
Jan 03, 2021 5:17:24 PM org.openqa.selenium.remote.ProtocolHandshake createSession
INFO: Detected dialect: W3C
]]></system-err>
  </testcase>
  <testcase name="searchDifferentResults[60, 80, Registration date](4)" classname="com.romanceabroad.ui.PrettyWomenTests" time="3.969">
    <failure message="no such element: Unable to locate element: {&quot;method&quot;:&quot;css selector&quot;,&quot;selector&quot;:&quot;select#age_max&quot;}&#10;  (Session info: chrome=87.0.4280.88)&#10;For documentation on this error, please visit: https://www.seleniumhq.org/exceptions/no_such_element.html&#10;Build info: version: &apos;3.141.59&apos;, revision: &apos;e82be7d358&apos;, time: &apos;2018-11-14T08:17:03&apos;&#10;System info: host: &apos;Victors-MacBook-Air.local&apos;, ip: &apos;2601:241:8680:7be0:0:0:0:208a%en0&apos;, os.name: &apos;Mac OS X&apos;, os.arch: &apos;x86_64&apos;, os.version: &apos;10.16&apos;, java.version: &apos;1.8.0_271&apos;&#10;Driver info: org.openqa.selenium.chrome.ChromeDriver&#10;Capabilities {acceptInsecureCerts: false, browserName: chrome, browserVersion: 87.0.4280.88, chrome: {chromedriverVersion: 86.0.4240.22 (398b0743353ff..., userDataDir: /var/folders/hk/_x3rb27x6d7...}, goog:chromeOptions: {debuggerAddress: localhost:54285}, javascriptEnabled: true, networkConnectionEnabled: false, pageLoadStrategy: normal, platform: MAC, platformName: MAC, proxy: Proxy(), setWindowRect: true, strictFileInteractability: false, timeouts: {implicit: 0, pageLoad: 300000, script: 30000}, unhandledPromptBehavior: dismiss and notify, webauthn:virtualAuthenticators: true}&#10;Session ID: dc08ad9cc1888a6c9a63d72edfa0ed90&#10;*** Element info: {Using=css selector, value=select#age_max}" type="org.openqa.selenium.NoSuchElementException"><![CDATA[org.openqa.selenium.NoSuchElementException: 
no such element: Unable to locate element: {"method":"css selector","selector":"select#age_max"}
  (Session info: chrome=87.0.4280.88)
For documentation on this error, please visit: https://www.seleniumhq.org/exceptions/no_such_element.html
Build info: version: '3.141.59', revision: 'e82be7d358', time: '2018-11-14T08:17:03'
System info: host: 'Victors-MacBook-Air.local', ip: '2601:241:8680:7be0:0:0:0:208a%en0', os.name: 'Mac OS X', os.arch: 'x86_64', os.version: '10.16', java.version: '1.8.0_271'
Driver info: org.openqa.selenium.chrome.ChromeDriver
Capabilities {acceptInsecureCerts: false, browserName: chrome, browserVersion: 87.0.4280.88, chrome: {chromedriverVersion: 86.0.4240.22 (398b0743353ff..., userDataDir: /var/folders/hk/_x3rb27x6d7...}, goog:chromeOptions: {debuggerAddress: localhost:54285}, javascriptEnabled: true, networkConnectionEnabled: false, pageLoadStrategy: normal, platform: MAC, platformName: MAC, proxy: Proxy(), setWindowRect: true, strictFileInteractability: false, timeouts: {implicit: 0, pageLoad: 300000, script: 30000}, unhandledPromptBehavior: dismiss and notify, webauthn:virtualAuthenticators: true}
Session ID: dc08ad9cc1888a6c9a63d72edfa0ed90
*** Element info: {Using=css selector, value=select#age_max}
	at com.romanceabroad.ui.PrettyWomenTests.searchDifferentResults(PrettyWomenTests.java:60)
]]></failure>
    <system-out><![CDATA[60 and 80
Parent!!!
]]></system-out>
    <system-err><![CDATA[Starting ChromeDriver 86.0.4240.22 (398b0743353ff36fb1b82468f63a3a93b4e2e89e-refs/branch-heads/4240@{#378}) on port 11114
Only local connections are allowed.
Please see https://chromedriver.chromium.org/security-considerations for suggestions on keeping ChromeDriver safe.
ChromeDriver was started successfully.
[1609715937.848][WARNING]: This version of ChromeDriver has not been tested with Chrome version 87.
Jan 03, 2021 5:18:58 PM org.openqa.selenium.remote.ProtocolHandshake createSession
INFO: Detected dialect: W3C
Video recording
[/Users/victorshokurov/Desktop/GitHub/romanceabroad/video/Blog test_recording_2021_03_01_17_11_52.avi]
]]></system-err>
  </testcase>
  <testcase name="testSearchButtonTestCase3" classname="com.romanceabroad.ui.PrettyWomenTests" time="3.773">
    <system-out><![CDATA[Parent!!!
clickable
]]></system-out>
    <system-err><![CDATA[Starting ChromeDriver 86.0.4240.22 (398b0743353ff36fb1b82468f63a3a93b4e2e89e-refs/branch-heads/4240@{#378}) on port 34872
Only local connections are allowed.
Please see https://chromedriver.chromium.org/security-considerations for suggestions on keeping ChromeDriver safe.
ChromeDriver was started successfully.
[1609715950.677][WARNING]: This version of ChromeDriver has not been tested with Chrome version 87.
Jan 03, 2021 5:19:10 PM org.openqa.selenium.remote.ProtocolHandshake createSession
INFO: Detected dialect: W3C
]]></system-err>
  </testcase>
  <testcase name="testThirdPageTestCase4" classname="com.romanceabroad.ui.PrettyWomenTests" time="6.5">
    <system-out><![CDATA[Parent!!!
Child!!!
]]></system-out>
    <system-err><![CDATA[Starting ChromeDriver 86.0.4240.22 (398b0743353ff36fb1b82468f63a3a93b4e2e89e-refs/branch-heads/4240@{#378}) on port 36709
Only local connections are allowed.
Please see https://chromedriver.chromium.org/security-considerations for suggestions on keeping ChromeDriver safe.
ChromeDriver was started successfully.
[1609715961.536][WARNING]: This version of ChromeDriver has not been tested with Chrome version 87.
Jan 03, 2021 5:19:21 PM org.openqa.selenium.remote.ProtocolHandshake createSession
INFO: Detected dialect: W3C
]]></system-err>
  </testcase>
  <testcase name="testSignInFillInLoginPassword[uhduwuw@.com, vfsdssveegf, false](1)" classname="com.romanceabroad.ui.SignInTests" time="2.399">
    <system-out><![CDATA[Login
Login
]]></system-out>
    <system-err><![CDATA[Starting ChromeDriver 86.0.4240.22 (398b0743353ff36fb1b82468f63a3a93b4e2e89e-refs/branch-heads/4240@{#378}) on port 11023
Only local connections are allowed.
Please see https://chromedriver.chromium.org/security-considerations for suggestions on keeping ChromeDriver safe.
ChromeDriver was started successfully.
[1609715977.359][WARNING]: This version of ChromeDriver has not been tested with Chrome version 87.
Jan 03, 2021 5:19:37 PM org.openqa.selenium.remote.ProtocolHandshake createSession
INFO: Detected dialect: W3C
]]></system-err>
  </testcase>
  <testcase name="testSignInFillInLoginPassword[manthesky@gmail.com, ooaxoamaooom450941!, true](2)" classname="com.romanceabroad.ui.SignInTests" time="2.124">
    <system-out><![CDATA[Login
Login
]]></system-out>
    <system-err><![CDATA[Starting ChromeDriver 86.0.4240.22 (398b0743353ff36fb1b82468f63a3a93b4e2e89e-refs/branch-heads/4240@{#378}) on port 13704
Only local connections are allowed.
Please see https://chromedriver.chromium.org/security-considerations for suggestions on keeping ChromeDriver safe.
ChromeDriver was started successfully.
[1609715991.812][WARNING]: This version of ChromeDriver has not been tested with Chrome version 87.
Jan 03, 2021 5:19:52 PM org.openqa.selenium.remote.ProtocolHandshake createSession
INFO: Detected dialect: W3C
]]></system-err>
  </testcase>
  <testcase name="testFillInContactUsPage" classname="com.romanceabroad.ui.ContactUsTests" time="9.428">
    <failure message="expected [https://romanceabroad.com/content/view/how-it-works] but found [https://romanceabroad.com/tickets/]" type="java.lang.AssertionError"><![CDATA[java.lang.AssertionError: expected [https://romanceabroad.com/content/view/how-it-works] but found [https://romanceabroad.com/tickets/]
	at com.romanceabroad.ui.ContactUsTests.testFillInContactUsPage(ContactUsTests.java:23)
]]></failure>
    <system-out><![CDATA[https://romanceabroad.com/content/view/how-it-works
]]></system-out>
    <system-err><![CDATA[Starting ChromeDriver 86.0.4240.22 (398b0743353ff36fb1b82468f63a3a93b4e2e89e-refs/branch-heads/4240@{#378}) on port 44839
Only local connections are allowed.
Please see https://chromedriver.chromium.org/security-considerations for suggestions on keeping ChromeDriver safe.
ChromeDriver was started successfully.
[1609716005.497][WARNING]: This version of ChromeDriver has not been tested with Chrome version 87.
Jan 03, 2021 5:20:05 PM org.openqa.selenium.remote.ProtocolHandshake createSession
INFO: Detected dialect: W3C
Video recording
[/Users/victorshokurov/Desktop/GitHub/romanceabroad/video/Blog test_recording_2021_03_01_17_11_52.avi]
]]></system-err>
  </testcase>
  <testcase name="testTourToUkraineLink" classname="com.romanceabroad.ui.TourToUkraineTests" time="4.002">
    <system-out><![CDATA[Child!!!
https://romanceabroad.com/store/sweets/20-tour_to_ukraine
]]></system-out>
    <system-err><![CDATA[Starting ChromeDriver 86.0.4240.22 (398b0743353ff36fb1b82468f63a3a93b4e2e89e-refs/branch-heads/4240@{#378}) on port 27235
Only local connections are allowed.
Please see https://chromedriver.chromium.org/security-considerations for suggestions on keeping ChromeDriver safe.
ChromeDriver was started successfully.
[1609716028.210][WARNING]: This version of ChromeDriver has not been tested with Chrome version 87.
Jan 03, 2021 5:20:28 PM org.openqa.selenium.remote.ProtocolHandshake createSession
INFO: Detected dialect: W3C
]]></system-err>
  </testcase>
  <testcase name="testFillInformationRegistrationPage[1grounded@gmail.com, CrzboundndzXgrFF4u7pdbv169a6fXMcqVepNTXuIJIu0hQZfgragnlyIojJsyZFOTNctSPYKAG0nK3eEkbDKMNwqAL3EbD3JmML2Eip4vJ8TwOdCIlwfLpWJcK85wpondl, true](1)" classname="com.romanceabroad.ui.RegistrationTests" time="9.304">
    <system-out><![CDATA[1grounded@gmail.com
Click Join button
Type email in the text field1grounded@gmail.com
Type password in the text fieldCrazyeagle45!
Click Next button
Click Next button
Type username in the text fieldCrzboundndzXgrFF4u7pdbv169a6fXMcqVepNTXuIJIu0hQZfgragnlyIojJsyZFOTNctSPYKAG0nK3eEkbDKMNwqAL3EbD3JmML2Eip4vJ8TwOdCIlwfLpWJcK85wpondl
Choose day from the list11
Collecting elements in the list
Start using loop with size of list
Create new webElement of list
Create new String with text from element of list
Value of list1
Create new webElement of list
Create new String with text from element of list
Value of list2
Create new webElement of list
Create new String with text from element of list
Value of list3
Create new webElement of list
Create new String with text from element of list
Value of list4
Create new webElement of list
Create new String with text from element of list
Value of list5
Create new webElement of list
Create new String with text from element of list
Value of list6
Create new webElement of list
Create new String with text from element of list
Value of list7
Create new webElement of list
Create new String with text from element of list
Value of list8
Create new webElement of list
Create new String with text from element of list
Value of list9
Create new webElement of list
Create new String with text from element of list
Value of list10
Create new webElement of list
Create new String with text from element of list
Value of list11
Click list of elements
Create new webElement of list
Create new String with text from element of list
Value of list
Create new webElement of list
Create new String with text from element of list
Value of list
Create new webElement of list
Create new String with text from element of list
Value of list
Create new webElement of list
Create new String with text from element of list
Value of list
Create new webElement of list
Create new String with text from element of list
Value of list
Create new webElement of list
Create new String with text from element of list
Value of list
Create new webElement of list
Create new String with text from element of list
Value of list
Create new webElement of list
Create new String with text from element of list
Value of list
Create new webElement of list
Create new String with text from element of list
Value of list
Create new webElement of list
Create new String with text from element of list
Value of list
Create new webElement of list
Create new String with text from element of list
Value of list
Create new webElement of list
Create new String with text from element of list
Value of list
Create new webElement of list
Create new String with text from element of list
Value of list
Create new webElement of list
Create new String with text from element of list
Value of list
Create new webElement of list
Create new String with text from element of list
Value of list
Create new webElement of list
Create new String with text from element of list
Value of list
Create new webElement of list
Create new String with text from element of list
Value of list
Create new webElement of list
Create new String with text from element of list
Value of list
Create new webElement of list
Create new String with text from element of list
Value of list
Create new webElement of list
Create new String with text from element of list
Value of list
Choose month from the listMay
Collecting elements in the list
Start using loop with size of list
Create new webElement of list
Create new String with text from element of list
Value of listJan
Create new webElement of list
Create new String with text from element of list
Value of listFeb
Create new webElement of list
Create new String with text from element of list
Value of listMar
Create new webElement of list
Create new String with text from element of list
Value of listApr
Create new webElement of list
Create new String with text from element of list
Value of listMay
Click list of elements
Create new webElement of list
Create new String with text from element of list
Value of list
Create new webElement of list
Create new String with text from element of list
Value of list
Create new webElement of list
Create new String with text from element of list
Value of list
Create new webElement of list
Create new String with text from element of list
Value of list
Create new webElement of list
Create new String with text from element of list
Value of list
Create new webElement of list
Create new String with text from element of list
Value of list
Create new webElement of list
Create new String with text from element of list
Value of list
Choose year from the list1991
Collecting elements in the list
Start using loop with size of list
Create new webElement of list
Create new String with text from element of list
Value of list2003
Create new webElement of list
Create new String with text from element of list
Value of list2002
Create new webElement of list
Create new String with text from element of list
Value of list2001
Create new webElement of list
Create new String with text from element of list
Value of list2000
Create new webElement of list
Create new String with text from element of list
Value of list1999
Create new webElement of list
Create new String with text from element of list
Value of list1998
Create new webElement of list
Create new String with text from element of list
Value of list1997
Create new webElement of list
Create new String with text from element of list
Value of list1996
Create new webElement of list
Create new String with text from element of list
Value of list1995
Create new webElement of list
Create new String with text from element of list
Value of list1994
Create new webElement of list
Create new String with text from element of list
Value of list1993
Create new webElement of list
Create new String with text from element of list
Value of list1992
Create new webElement of list
Create new String with text from element of list
Value of list1991
Click list of elements
Create new webElement of list
Create new String with text from element of list
Value of list
Create new webElement of list
Create new String with text from element of list
Value of list
Create new webElement of list
Create new String with text from element of list
Value of list
Create new webElement of list
Create new String with text from element of list
Value of list
Create new webElement of list
Create new String with text from element of list
Value of list
Create new webElement of list
Create new String with text from element of list
Value of list
Create new webElement of list
Create new String with text from element of list
Value of list
Create new webElement of list
Create new String with text from element of list
Value of list
Create new webElement of list
Create new String with text from element of list
Value of list
Create new webElement of list
Create new String with text from element of list
Value of list
Create new webElement of list
Create new String with text from element of list
Value of list
Create new webElement of list
Create new String with text from element of list
Value of list
Create new webElement of list
Create new String with text from element of list
Value of list
Create new webElement of list
Create new String with text from element of list
Value of list
Create new webElement of list
Create new String with text from element of list
Value of list
Create new webElement of list
Create new String with text from element of list
Value of list
Create new webElement of list
Create new String with text from element of list
Value of list
Create new webElement of list
Create new String with text from element of list
Value of list
Create new webElement of list
Create new String with text from element of list
Value of list
Create new webElement of list
Create new String with text from element of list
Value of list
Create new webElement of list
Create new String with text from element of list
Value of list
Create new webElement of list
Create new String with text from element of list
Value of list
Create new webElement of list
Create new String with text from element of list
Value of list
Create new webElement of list
Create new String with text from element of list
Value of list
Create new webElement of list
Create new String with text from element of list
Value of list
Create new webElement of list
Create new String with text from element of list
Value of list
Create new webElement of list
Create new String with text from element of list
Value of list
Create new webElement of list
Create new String with text from element of list
Value of list
Create new webElement of list
Create new String with text from element of list
Value of list
Create new webElement of list
Create new String with text from element of list
Value of list
Create new webElement of list
Create new String with text from element of list
Value of list
Create new webElement of list
Create new String with text from element of list
Value of list
Create new webElement of list
Create new String with text from element of list
Value of list
Create new webElement of list
Create new String with text from element of list
Value of list
Create new webElement of list
Create new String with text from element of list
Value of list
Create new webElement of list
Create new String with text from element of list
Value of list
Create new webElement of list
Create new String with text from element of list
Value of list
Create new webElement of list
Create new String with text from element of list
Value of list
Create new webElement of list
Create new String with text from element of list
Value of list
Create new webElement of list
Create new String with text from element of list
Value of list
Create new webElement of list
Create new String with text from element of list
Value of list
Create new webElement of list
Create new String with text from element of list
Value of list
Create new webElement of list
Create new String with text from element of list
Value of list
Create new webElement of list
Create new String with text from element of list
Value of list
Create new webElement of list
Create new String with text from element of list
Value of list
Create new webElement of list
Create new String with text from element of list
Value of list
Create new webElement of list
Create new String with text from element of list
Value of list
Create new webElement of list
Create new String with text from element of list
Value of list
Create new webElement of list
Create new String with text from element of list
Value of list
Create new webElement of list
Create new String with text from element of list
Value of list
Type phone number in the text field7098679005
Click on confirmation checkbox
Clear the location
Type the city in the text fieldChicago
Type the location in the text fieldChicago, Illinois, United States
Collecting elements in the list
Start using loop with size of list
]]></system-out>
    <system-err><![CDATA[Starting ChromeDriver 86.0.4240.22 (398b0743353ff36fb1b82468f63a3a93b4e2e89e-refs/branch-heads/4240@{#378}) on port 35870
Only local connections are allowed.
Please see https://chromedriver.chromium.org/security-considerations for suggestions on keeping ChromeDriver safe.
ChromeDriver was started successfully.
[1609716039.829][WARNING]: This version of ChromeDriver has not been tested with Chrome version 87.
Jan 03, 2021 5:20:40 PM org.openqa.selenium.remote.ProtocolHandshake createSession
INFO: Detected dialect: W3C
]]></system-err>
  </testcase>
  <testcase name="testFillInformationRegistrationPage[2groundedmail.ru, CrzboundndzXgrFF4u7pdbv169a6fXMcqVepNTXuIJIu0hQZfgragnlyIojJsyZFOTNctSPYKAG0nK3eEkbDKMNwqAL3EbD3JmML2Eip4vJ8TwOdCIlwfLpWJcK85wpondl, false](2)" classname="com.romanceabroad.ui.RegistrationTests" time="0.674">
    <system-out><![CDATA[2groundedmail.ru
Click Join button
Type email in the text field2groundedmail.ru
Type password in the text fieldCrazyeagle45!
Click Next button
Error message is not displayed
]]></system-out>
    <system-err><![CDATA[Starting ChromeDriver 86.0.4240.22 (398b0743353ff36fb1b82468f63a3a93b4e2e89e-refs/branch-heads/4240@{#378}) on port 11541
Only local connections are allowed.
Please see https://chromedriver.chromium.org/security-considerations for suggestions on keeping ChromeDriver safe.
ChromeDriver was started successfully.
[1609716057.912][WARNING]: This version of ChromeDriver has not been tested with Chrome version 87.
Jan 03, 2021 5:20:58 PM org.openqa.selenium.remote.ProtocolHandshake createSession
INFO: Detected dialect: W3C
]]></system-err>
  </testcase>
  <testcase name="testFillInformationRegistrationPage[3grounded@yahoo.com, CrzboundndzXgrFF4u7pdbv169a6fXMcqVepNTXuIJIu0hQZfgragnlyIojJsyZFOTNctSPYKAG0nK3eEkbDKMNwqAL3EbD3JmML2Eip4vJ8TwOdCIlwfLpWJcK85wpondl, true](3)" classname="com.romanceabroad.ui.RegistrationTests" time="3.355">
    <system-out><![CDATA[3grounded@yahoo.com
Click Join button
Type email in the text field3grounded@yahoo.com
Type password in the text fieldCrazyeagle45!
Click Next button
Click Next button
Type username in the text fieldCrzboundndzXgrFF4u7pdbv169a6fXMcqVepNTXuIJIu0hQZfgragnlyIojJsyZFOTNctSPYKAG0nK3eEkbDKMNwqAL3EbD3JmML2Eip4vJ8TwOdCIlwfLpWJcK85wpondl
Choose day from the list11
Collecting elements in the list
Start using loop with size of list
Create new webElement of list
Create new String with text from element of list
Value of list1
Create new webElement of list
Create new String with text from element of list
Value of list2
Create new webElement of list
Create new String with text from element of list
Value of list3
Create new webElement of list
Create new String with text from element of list
Value of list4
Create new webElement of list
Create new String with text from element of list
Value of list5
Create new webElement of list
Create new String with text from element of list
Value of list6
Create new webElement of list
Create new String with text from element of list
Value of list7
Create new webElement of list
Create new String with text from element of list
Value of list8
Create new webElement of list
Create new String with text from element of list
Value of list9
Create new webElement of list
Create new String with text from element of list
Value of list10
Create new webElement of list
Create new String with text from element of list
Value of list11
Click list of elements
Create new webElement of list
Create new String with text from element of list
Value of list
Create new webElement of list
Create new String with text from element of list
Value of list
Create new webElement of list
Create new String with text from element of list
Value of list
Create new webElement of list
Create new String with text from element of list
Value of list
Create new webElement of list
Create new String with text from element of list
Value of list
Create new webElement of list
Create new String with text from element of list
Value of list
Create new webElement of list
Create new String with text from element of list
Value of list
Create new webElement of list
Create new String with text from element of list
Value of list
Create new webElement of list
Create new String with text from element of list
Value of list
Create new webElement of list
Create new String with text from element of list
Value of list
Create new webElement of list
Create new String with text from element of list
Value of list
Create new webElement of list
Create new String with text from element of list
Value of list
Create new webElement of list
Create new String with text from element of list
Value of list
Create new webElement of list
Create new String with text from element of list
Value of list
Create new webElement of list
Create new String with text from element of list
Value of list
Create new webElement of list
Create new String with text from element of list
Value of list
Create new webElement of list
Create new String with text from element of list
Value of list
Create new webElement of list
Create new String with text from element of list
Value of list
Create new webElement of list
Create new String with text from element of list
Value of list
Create new webElement of list
Create new String with text from element of list
Value of list
Choose month from the listMay
Collecting elements in the list
Start using loop with size of list
Create new webElement of list
Create new String with text from element of list
Value of listJan
Create new webElement of list
Create new String with text from element of list
Value of listFeb
Create new webElement of list
Create new String with text from element of list
Value of listMar
Create new webElement of list
Create new String with text from element of list
Value of listApr
Create new webElement of list
Create new String with text from element of list
Value of listMay
Click list of elements
Create new webElement of list
Create new String with text from element of list
Value of list
Create new webElement of list
Create new String with text from element of list
Value of list
Create new webElement of list
Create new String with text from element of list
Value of list
Create new webElement of list
Create new String with text from element of list
Value of list
Create new webElement of list
Create new String with text from element of list
Value of list
Create new webElement of list
Create new String with text from element of list
Value of list
Create new webElement of list
Create new String with text from element of list
Value of list
Choose year from the list1991
Collecting elements in the list
Start using loop with size of list
Create new webElement of list
Create new String with text from element of list
Value of list2003
Create new webElement of list
Create new String with text from element of list
Value of list2002
Create new webElement of list
Create new String with text from element of list
Value of list2001
Create new webElement of list
Create new String with text from element of list
Value of list2000
Create new webElement of list
Create new String with text from element of list
Value of list1999
Create new webElement of list
Create new String with text from element of list
Value of list1998
Create new webElement of list
Create new String with text from element of list
Value of list1997
Create new webElement of list
Create new String with text from element of list
Value of list1996
Create new webElement of list
Create new String with text from element of list
Value of list1995
Create new webElement of list
Create new String with text from element of list
Value of list1994
Create new webElement of list
Create new String with text from element of list
Value of list1993
Create new webElement of list
Create new String with text from element of list
Value of list1992
Create new webElement of list
Create new String with text from element of list
Value of list1991
Click list of elements
Create new webElement of list
Create new String with text from element of list
Value of list
Create new webElement of list
Create new String with text from element of list
Value of list
Create new webElement of list
Create new String with text from element of list
Value of list
Create new webElement of list
Create new String with text from element of list
Value of list
Create new webElement of list
Create new String with text from element of list
Value of list
Create new webElement of list
Create new String with text from element of list
Value of list
Create new webElement of list
Create new String with text from element of list
Value of list
Create new webElement of list
Create new String with text from element of list
Value of list
Create new webElement of list
Create new String with text from element of list
Value of list
Create new webElement of list
Create new String with text from element of list
Value of list
Create new webElement of list
Create new String with text from element of list
Value of list
Create new webElement of list
Create new String with text from element of list
Value of list
Create new webElement of list
Create new String with text from element of list
Value of list
Create new webElement of list
Create new String with text from element of list
Value of list
Create new webElement of list
Create new String with text from element of list
Value of list
Create new webElement of list
Create new String with text from element of list
Value of list
Create new webElement of list
Create new String with text from element of list
Value of list
Create new webElement of list
Create new String with text from element of list
Value of list
Create new webElement of list
Create new String with text from element of list
Value of list
Create new webElement of list
Create new String with text from element of list
Value of list
Create new webElement of list
Create new String with text from element of list
Value of list
Create new webElement of list
Create new String with text from element of list
Value of list
Create new webElement of list
Create new String with text from element of list
Value of list
Create new webElement of list
Create new String with text from element of list
Value of list
Create new webElement of list
Create new String with text from element of list
Value of list
Create new webElement of list
Create new String with text from element of list
Value of list
Create new webElement of list
Create new String with text from element of list
Value of list
Create new webElement of list
Create new String with text from element of list
Value of list
Create new webElement of list
Create new String with text from element of list
Value of list
Create new webElement of list
Create new String with text from element of list
Value of list
Create new webElement of list
Create new String with text from element of list
Value of list
Create new webElement of list
Create new String with text from element of list
Value of list
Create new webElement of list
Create new String with text from element of list
Value of list
Create new webElement of list
Create new String with text from element of list
Value of list
Create new webElement of list
Create new String with text from element of list
Value of list
Create new webElement of list
Create new String with text from element of list
Value of list
Create new webElement of list
Create new String with text from element of list
Value of list
Create new webElement of list
Create new String with text from element of list
Value of list
Create new webElement of list
Create new String with text from element of list
Value of list
Create new webElement of list
Create new String with text from element of list
Value of list
Create new webElement of list
Create new String with text from element of list
Value of list
Create new webElement of list
Create new String with text from element of list
Value of list
Create new webElement of list
Create new String with text from element of list
Value of list
Create new webElement of list
Create new String with text from element of list
Value of list
Create new webElement of list
Create new String with text from element of list
Value of list
Create new webElement of list
Create new String with text from element of list
Value of list
Create new webElement of list
Create new String with text from element of list
Value of list
Create new webElement of list
Create new String with text from element of list
Value of list
Create new webElement of list
Create new String with text from element of list
Value of list
Create new webElement of list
Create new String with text from element of list
Value of list
Type phone number in the text field7098679005
Click on confirmation checkbox
Clear the location
Type the city in the text fieldChicago
Type the location in the text fieldChicago, Illinois, United States
Collecting elements in the list
Start using loop with size of list
]]></system-out>
    <system-err><![CDATA[Starting ChromeDriver 86.0.4240.22 (398b0743353ff36fb1b82468f63a3a93b4e2e89e-refs/branch-heads/4240@{#378}) on port 34410
Only local connections are allowed.
Please see https://chromedriver.chromium.org/security-considerations for suggestions on keeping ChromeDriver safe.
ChromeDriver was started successfully.
[1609716067.836][WARNING]: This version of ChromeDriver has not been tested with Chrome version 87.
Jan 03, 2021 5:21:08 PM org.openqa.selenium.remote.ProtocolHandshake createSession
INFO: Detected dialect: W3C
]]></system-err>
  </testcase>
  <testcase name="testFillInformationRegistrationPage[horsethebest@gmail.com, oemfwofmwofmwof12, 4, Jun, 1996, 9146615378, Seattle, United States](1)" classname="com.romanceabroad.ui.RegistrationTests" time="6.141">
    <system-out><![CDATA[Click Join button
horsethebest@gmail.com
Click Join button
Type email in the text fieldhorsethebest@gmail.com
Type password in the text fieldoemfwofmwofmwof12
Click Next button
Type username in the text fieldCrzboundndzXgrFF4u7pdbv169a6fXMcqVepNTXuIJIu0hQZfgragnlyIojJsyZFOTNctSPYKAG0nK3eEkbDKMNwqAL3EbD3JmML2Eip4vJ8TwOdCIlwfLpWJcK85wpondlMnUyle88cWh3MrPritgSzDi9XjMufc1aDu5lX2GaQ7WA4v1IRvj5ppg7dr1W92Cfw27XnqW8KM53GFgwQUzzGRFO5nmejZ0xIhcIjxXXDWcFp7lue3Wi76TU6fr
Choose day from the list4
Collecting elements in the list
Start using loop with size of list
Create new webElement of list
Create new String with text from element of list
Value of list1
Create new webElement of list
Create new String with text from element of list
Value of list2
Create new webElement of list
Create new String with text from element of list
Value of list3
Create new webElement of list
Create new String with text from element of list
Value of list4
Click list of elements
Create new webElement of list
Create new String with text from element of list
Value of list
Create new webElement of list
Create new String with text from element of list
Value of list
Create new webElement of list
Create new String with text from element of list
Value of list
Create new webElement of list
Create new String with text from element of list
Value of list
Create new webElement of list
Create new String with text from element of list
Value of list
Create new webElement of list
Create new String with text from element of list
Value of list
Create new webElement of list
Create new String with text from element of list
Value of list
Create new webElement of list
Create new String with text from element of list
Value of list
Create new webElement of list
Create new String with text from element of list
Value of list
Create new webElement of list
Create new String with text from element of list
Value of list
Create new webElement of list
Create new String with text from element of list
Value of list
Create new webElement of list
Create new String with text from element of list
Value of list
Create new webElement of list
Create new String with text from element of list
Value of list
Create new webElement of list
Create new String with text from element of list
Value of list
Create new webElement of list
Create new String with text from element of list
Value of list
Create new webElement of list
Create new String with text from element of list
Value of list
Create new webElement of list
Create new String with text from element of list
Value of list
Create new webElement of list
Create new String with text from element of list
Value of list
Create new webElement of list
Create new String with text from element of list
Value of list
Create new webElement of list
Create new String with text from element of list
Value of list
Create new webElement of list
Create new String with text from element of list
Value of list
Create new webElement of list
Create new String with text from element of list
Value of list
Create new webElement of list
Create new String with text from element of list
Value of list
Create new webElement of list
Create new String with text from element of list
Value of list
Create new webElement of list
Create new String with text from element of list
Value of list
Create new webElement of list
Create new String with text from element of list
Value of list
Create new webElement of list
Create new String with text from element of list
Value of list
Choose month from the listJun
Collecting elements in the list
Start using loop with size of list
Create new webElement of list
Create new String with text from element of list
Value of listJan
Create new webElement of list
Create new String with text from element of list
Value of listFeb
Create new webElement of list
Create new String with text from element of list
Value of listMar
Create new webElement of list
Create new String with text from element of list
Value of listApr
Create new webElement of list
Create new String with text from element of list
Value of listMay
Create new webElement of list
Create new String with text from element of list
Value of listJun
Click list of elements
Create new webElement of list
Create new String with text from element of list
Value of list
Create new webElement of list
Create new String with text from element of list
Value of list
Create new webElement of list
Create new String with text from element of list
Value of list
Create new webElement of list
Create new String with text from element of list
Value of list
Create new webElement of list
Create new String with text from element of list
Value of list
Create new webElement of list
Create new String with text from element of list
Value of list
Choose year from the list1996
Collecting elements in the list
Start using loop with size of list
Create new webElement of list
Create new String with text from element of list
Value of list2003
Create new webElement of list
Create new String with text from element of list
Value of list2002
Create new webElement of list
Create new String with text from element of list
Value of list2001
Create new webElement of list
Create new String with text from element of list
Value of list2000
Create new webElement of list
Create new String with text from element of list
Value of list1999
Create new webElement of list
Create new String with text from element of list
Value of list1998
Create new webElement of list
Create new String with text from element of list
Value of list1997
Create new webElement of list
Create new String with text from element of list
Value of list1996
Click list of elements
Create new webElement of list
Create new String with text from element of list
Value of list
Create new webElement of list
Create new String with text from element of list
Value of list
Create new webElement of list
Create new String with text from element of list
Value of list
Create new webElement of list
Create new String with text from element of list
Value of list
Create new webElement of list
Create new String with text from element of list
Value of list
Create new webElement of list
Create new String with text from element of list
Value of list
Create new webElement of list
Create new String with text from element of list
Value of list
Create new webElement of list
Create new String with text from element of list
Value of list
Create new webElement of list
Create new String with text from element of list
Value of list
Create new webElement of list
Create new String with text from element of list
Value of list
Create new webElement of list
Create new String with text from element of list
Value of list
Create new webElement of list
Create new String with text from element of list
Value of list
Create new webElement of list
Create new String with text from element of list
Value of list
Create new webElement of list
Create new String with text from element of list
Value of list
Create new webElement of list
Create new String with text from element of list
Value of list
Create new webElement of list
Create new String with text from element of list
Value of list
Create new webElement of list
Create new String with text from element of list
Value of list
Create new webElement of list
Create new String with text from element of list
Value of list
Create new webElement of list
Create new String with text from element of list
Value of list
Create new webElement of list
Create new String with text from element of list
Value of list
Create new webElement of list
Create new String with text from element of list
Value of list
Create new webElement of list
Create new String with text from element of list
Value of list
Create new webElement of list
Create new String with text from element of list
Value of list
Create new webElement of list
Create new String with text from element of list
Value of list
Create new webElement of list
Create new String with text from element of list
Value of list
Create new webElement of list
Create new String with text from element of list
Value of list
Create new webElement of list
Create new String with text from element of list
Value of list
Create new webElement of list
Create new String with text from element of list
Value of list
Create new webElement of list
Create new String with text from element of list
Value of list
Create new webElement of list
Create new String with text from element of list
Value of list
Create new webElement of list
Create new String with text from element of list
Value of list
Create new webElement of list
Create new String with text from element of list
Value of list
Create new webElement of list
Create new String with text from element of list
Value of list
Create new webElement of list
Create new String with text from element of list
Value of list
Create new webElement of list
Create new String with text from element of list
Value of list
Create new webElement of list
Create new String with text from element of list
Value of list
Create new webElement of list
Create new String with text from element of list
Value of list
Create new webElement of list
Create new String with text from element of list
Value of list
Create new webElement of list
Create new String with text from element of list
Value of list
Create new webElement of list
Create new String with text from element of list
Value of list
Create new webElement of list
Create new String with text from element of list
Value of list
Create new webElement of list
Create new String with text from element of list
Value of list
Create new webElement of list
Create new String with text from element of list
Value of list
Create new webElement of list
Create new String with text from element of list
Value of list
Create new webElement of list
Create new String with text from element of list
Value of list
Create new webElement of list
Create new String with text from element of list
Value of list
Create new webElement of list
Create new String with text from element of list
Value of list
Create new webElement of list
Create new String with text from element of list
Value of list
Create new webElement of list
Create new String with text from element of list
Value of list
Create new webElement of list
Create new String with text from element of list
Value of list
Create new webElement of list
Create new String with text from element of list
Value of list
Create new webElement of list
Create new String with text from element of list
Value of list
Create new webElement of list
Create new String with text from element of list
Value of list
Create new webElement of list
Create new String with text from element of list
Value of list
Create new webElement of list
Create new String with text from element of list
Value of list
Type phone number in the text field9146615378
Click on confirmation checkbox
Clear the location
Type the city in the text fieldSeattle
Type the location in the text fieldUnited States
Collecting elements in the list
Start using loop with size of list
]]></system-out>
    <system-err><![CDATA[Starting ChromeDriver 86.0.4240.22 (398b0743353ff36fb1b82468f63a3a93b4e2e89e-refs/branch-heads/4240@{#378}) on port 3229
Only local connections are allowed.
Please see https://chromedriver.chromium.org/security-considerations for suggestions on keeping ChromeDriver safe.
ChromeDriver was started successfully.
[1609716078.249][WARNING]: This version of ChromeDriver has not been tested with Chrome version 87.
Jan 03, 2021 5:21:18 PM org.openqa.selenium.remote.ProtocolHandshake createSession
INFO: Detected dialect: W3C
]]></system-err>
  </testcase>
</testsuite>