<?xml version="1.0" encoding="UTF-8"?>
<testsuite xmlns:xsi="http://www.w3.org/2001/XMLSchema-instance" xsi:noNamespaceSchemaLocation="https://maven.apache.org/surefire/maven-surefire-plugin/xsd/surefire-test-report-3.0.xsd" version="3.0" name="TestSuite" time="555.244" tests="26" errors="0" skipped="0" failures="0">
  <properties>
[...]
</properties>
  <testcase name="testBlogLink" classname="com.romanceabroad.ui.BlogTests" time="103.108">
    <system-out><![CDATA[https://romanceabroad.com/content/view/blog
]]></system-out>
    <system-err><![CDATA[Starting ChromeDriver 86.0.4240.22 (398b0743353ff36fb1b82468f63a3a93b4e2e89e-refs/branch-heads/4240@{#378}) on port 27167
Only local connections are allowed.
Please see https://chromedriver.chromium.org/security-considerations for suggestions on keeping ChromeDriver safe.
ChromeDriver was started successfully.
[1609718221.243][WARNING]: This version of ChromeDriver has not been tested with Chrome version 87.
Jan 03, 2021 5:57:01 PM org.openqa.selenium.remote.ProtocolHandshake createSession
INFO: Detected dialect: W3C
]]></system-err>
  </testcase>
  <testcase name="testGiftsLink" classname="com.romanceabroad.ui.GiftsTests" time="2.19">
    <system-out><![CDATA[https://romanceabroad.com/store/category-sweets
]]></system-out>
    <system-err><![CDATA[Starting ChromeDriver 86.0.4240.22 (398b0743353ff36fb1b82468f63a3a93b4e2e89e-refs/branch-heads/4240@{#378}) on port 34938
Only local connections are allowed.
Please see https://chromedriver.chromium.org/security-considerations for suggestions on keeping ChromeDriver safe.
ChromeDriver was started successfully.
[1609718335.145][WARNING]: This version of ChromeDriver has not been tested with Chrome version 87.
Jan 03, 2021 5:58:55 PM org.openqa.selenium.remote.ProtocolHandshake createSession
INFO: Detected dialect: W3C
]]></system-err>
  </testcase>
  <testcase name="testHowWeWorkLink" classname="com.romanceabroad.ui.HowWeWorkTests" time="2.032">
    <system-out><![CDATA[https://romanceabroad.com/content/view/how-it-works
]]></system-out>
    <system-err><![CDATA[Starting ChromeDriver 86.0.4240.22 (398b0743353ff36fb1b82468f63a3a93b4e2e89e-refs/branch-heads/4240@{#378}) on port 22152
Only local connections are allowed.
Please see https://chromedriver.chromium.org/security-considerations for suggestions on keeping ChromeDriver safe.
ChromeDriver was started successfully.
[1609718346.103][WARNING]: This version of ChromeDriver has not been tested with Chrome version 87.
Jan 03, 2021 5:59:06 PM org.openqa.selenium.remote.ProtocolHandshake createSession
INFO: Detected dialect: W3C
]]></system-err>
  </testcase>
  <testcase name="testMainTitleTestCase13" classname="com.romanceabroad.ui.HowWeWorkTests" time="2.532">
    <system-out><![CDATA[Wrong title in How it works page
]]></system-out>
    <system-err><![CDATA[Starting ChromeDriver 86.0.4240.22 (398b0743353ff36fb1b82468f63a3a93b4e2e89e-refs/branch-heads/4240@{#378}) on port 41613
Only local connections are allowed.
Please see https://chromedriver.chromium.org/security-considerations for suggestions on keeping ChromeDriver safe.
ChromeDriver was started successfully.
[1609718354.698][WARNING]: This version of ChromeDriver has not been tested with Chrome version 87.
Jan 03, 2021 5:59:14 PM org.openqa.selenium.remote.ProtocolHandshake createSession
INFO: Detected dialect: W3C
]]></system-err>
  </testcase>
  <testcase name="testCountPagesContentTestCase14" classname="com.romanceabroad.ui.HowWeWorkTests" time="3.377">
    <system-out><![CDATA[22
]]></system-out>
    <system-err><![CDATA[Starting ChromeDriver 86.0.4240.22 (398b0743353ff36fb1b82468f63a3a93b4e2e89e-refs/branch-heads/4240@{#378}) on port 19378
Only local connections are allowed.
Please see https://chromedriver.chromium.org/security-considerations for suggestions on keeping ChromeDriver safe.
ChromeDriver was started successfully.
[1609718363.993][WARNING]: This version of ChromeDriver has not been tested with Chrome version 87.
Jan 03, 2021 5:59:24 PM org.openqa.selenium.remote.ProtocolHandshake createSession
INFO: Detected dialect: W3C
]]></system-err>
  </testcase>
  <testcase name="testYoutubePlayButtonTestCase9" classname="com.romanceabroad.ui.MainTests" time="3.326">
    <system-err><![CDATA[Starting ChromeDriver 86.0.4240.22 (398b0743353ff36fb1b82468f63a3a93b4e2e89e-refs/branch-heads/4240@{#378}) on port 37515
Only local connections are allowed.
Please see https://chromedriver.chromium.org/security-considerations for suggestions on keeping ChromeDriver safe.
ChromeDriver was started successfully.
[1609718374.706][WARNING]: This version of ChromeDriver has not been tested with Chrome version 87.
Jan 03, 2021 5:59:34 PM org.openqa.selenium.remote.ProtocolHandshake createSession
INFO: Detected dialect: W3C
]]></system-err>
  </testcase>
  <testcase name="testCheckCountTitlesTestCase10" classname="com.romanceabroad.ui.MainTests" time="0.122">
    <system-out><![CDATA[8
There is a match
]]></system-out>
    <system-err><![CDATA[Starting ChromeDriver 86.0.4240.22 (398b0743353ff36fb1b82468f63a3a93b4e2e89e-refs/branch-heads/4240@{#378}) on port 43628
Only local connections are allowed.
Please see https://chromedriver.chromium.org/security-considerations for suggestions on keeping ChromeDriver safe.
ChromeDriver was started successfully.
[1609718385.868][WARNING]: This version of ChromeDriver has not been tested with Chrome version 87.
Jan 03, 2021 5:59:45 PM org.openqa.selenium.remote.ProtocolHandshake createSession
INFO: Detected dialect: W3C
]]></system-err>
  </testcase>
  <testcase name="testCheckMainTitlesTestCase11" classname="com.romanceabroad.ui.MainTests" time="0.077">
    <system-out><![CDATA[HOME
There is a match
]]></system-out>
    <system-err><![CDATA[Starting ChromeDriver 86.0.4240.22 (398b0743353ff36fb1b82468f63a3a93b4e2e89e-refs/branch-heads/4240@{#378}) on port 14487
Only local connections are allowed.
Please see https://chromedriver.chromium.org/security-considerations for suggestions on keeping ChromeDriver safe.
ChromeDriver was started successfully.
[1609718392.529][WARNING]: This version of ChromeDriver has not been tested with Chrome version 87.
Jan 03, 2021 5:59:52 PM org.openqa.selenium.remote.ProtocolHandshake createSession
INFO: Detected dialect: W3C
]]></system-err>
  </testcase>
  <testcase name="testPhotosLink" classname="com.romanceabroad.ui.PhotosTests" time="3.942">
    <system-out><![CDATA[Child!!!
https://romanceabroad.com/media/index
]]></system-out>
    <system-err><![CDATA[Starting ChromeDriver 86.0.4240.22 (398b0743353ff36fb1b82468f63a3a93b4e2e89e-refs/branch-heads/4240@{#378}) on port 10716
Only local connections are allowed.
Please see https://chromedriver.chromium.org/security-considerations for suggestions on keeping ChromeDriver safe.
ChromeDriver was started successfully.
[1609718399.891][WARNING]: This version of ChromeDriver has not been tested with Chrome version 87.
Jan 03, 2021 6:00:00 PM org.openqa.selenium.remote.ProtocolHandshake createSession
INFO: Detected dialect: W3C
]]></system-err>
  </testcase>
  <testcase name="testClickButtonAddPhoto" classname="com.romanceabroad.ui.PhotosTests" time="3.074">
    <system-out><![CDATA[Sort By:                                 Comments count
                            
3
]]></system-out>
    <system-err><![CDATA[Starting ChromeDriver 86.0.4240.22 (398b0743353ff36fb1b82468f63a3a93b4e2e89e-refs/branch-heads/4240@{#378}) on port 18698
Only local connections are allowed.
Please see https://chromedriver.chromium.org/security-considerations for suggestions on keeping ChromeDriver safe.
ChromeDriver was started successfully.
[1609718412.066][WARNING]: This version of ChromeDriver has not been tested with Chrome version 87.
Jan 03, 2021 6:00:12 PM org.openqa.selenium.remote.ProtocolHandshake createSession
INFO: Detected dialect: W3C
]]></system-err>
  </testcase>
  <testcase name="testTabs" classname="com.romanceabroad.ui.PhotosTests" time="3">
    <system-err><![CDATA[Starting ChromeDriver 86.0.4240.22 (398b0743353ff36fb1b82468f63a3a93b4e2e89e-refs/branch-heads/4240@{#378}) on port 38173
Only local connections are allowed.
Please see https://chromedriver.chromium.org/security-considerations for suggestions on keeping ChromeDriver safe.
ChromeDriver was started successfully.
[1609718422.756][WARNING]: This version of ChromeDriver has not been tested with Chrome version 87.
Jan 03, 2021 6:00:22 PM org.openqa.selenium.remote.ProtocolHandshake createSession
INFO: Detected dialect: W3C
]]></system-err>
  </testcase>
  <testcase name="testPrettyWomenLink" classname="com.romanceabroad.ui.PrettyWomenTests" time="6.1">
    <system-out><![CDATA[Parent!!!
https://romanceabroad.com/users/search
]]></system-out>
    <system-err><![CDATA[Starting ChromeDriver 86.0.4240.22 (398b0743353ff36fb1b82468f63a3a93b4e2e89e-refs/branch-heads/4240@{#378}) on port 28310
Only local connections are allowed.
Please see https://chromedriver.chromium.org/security-considerations for suggestions on keeping ChromeDriver safe.
ChromeDriver was started successfully.
[1609718432.355][WARNING]: This version of ChromeDriver has not been tested with Chrome version 87.
Jan 03, 2021 6:00:32 PM org.openqa.selenium.remote.ProtocolHandshake createSession
INFO: Detected dialect: W3C
]]></system-err>
  </testcase>
  <testcase name="searchDifferentResults[18, 80, Default](1)" classname="com.romanceabroad.ui.PrettyWomenTests" time="82.62">
    <system-out><![CDATA[18 and 80
Parent!!!
Parent!!!
This age: 36 is correct
This age: 43 is correct
This age: 26 is correct
This age: 46 is correct
This age: 39 is correct
This age: 30 is correct
This age: 28 is correct
This age: 40 is correct
This age: 44 is correct
This age: 25 is correct
This age: 46 is correct
This age: 45 is correct
]]></system-out>
    <system-err><![CDATA[Starting ChromeDriver 86.0.4240.22 (398b0743353ff36fb1b82468f63a3a93b4e2e89e-refs/branch-heads/4240@{#378}) on port 6727
Only local connections are allowed.
Please see https://chromedriver.chromium.org/security-considerations for suggestions on keeping ChromeDriver safe.
ChromeDriver was started successfully.
[1609718444.610][WARNING]: This version of ChromeDriver has not been tested with Chrome version 87.
Jan 03, 2021 6:00:44 PM org.openqa.selenium.remote.ProtocolHandshake createSession
INFO: Detected dialect: W3C
]]></system-err>
  </testcase>
  <testcase name="searchDifferentResults[18, 19, Name](2)" classname="com.romanceabroad.ui.PrettyWomenTests" time="10.193">
    <system-out><![CDATA[18 and 19
Parent!!!
Parent!!!
]]></system-out>
    <system-err><![CDATA[Starting ChromeDriver 86.0.4240.22 (398b0743353ff36fb1b82468f63a3a93b4e2e89e-refs/branch-heads/4240@{#378}) on port 31405
Only local connections are allowed.
Please see https://chromedriver.chromium.org/security-considerations for suggestions on keeping ChromeDriver safe.
ChromeDriver was started successfully.
[1609718534.625][WARNING]: This version of ChromeDriver has not been tested with Chrome version 87.
Jan 03, 2021 6:02:14 PM org.openqa.selenium.remote.ProtocolHandshake createSession
INFO: Detected dialect: W3C
]]></system-err>
  </testcase>
  <testcase name="searchDifferentResults[30, 40, Views](3)" classname="com.romanceabroad.ui.PrettyWomenTests" time="82.533">
    <system-out><![CDATA[30 and 40
Parent!!!
Parent!!!
This age: 36 is correct
This age: 43 is correct
This age: 26 is correct
This age: 46 is correct
This age: 39 is correct
This age: 30 is correct
This age: 28 is correct
This age: 40 is correct
This age: 44 is correct
This age: 25 is correct
This age: 46 is correct
This age: 45 is correct
]]></system-out>
    <system-err><![CDATA[Starting ChromeDriver 86.0.4240.22 (398b0743353ff36fb1b82468f63a3a93b4e2e89e-refs/branch-heads/4240@{#378}) on port 21449
Only local connections are allowed.
Please see https://chromedriver.chromium.org/security-considerations for suggestions on keeping ChromeDriver safe.
ChromeDriver was started successfully.
[1609718551.035][WARNING]: This version of ChromeDriver has not been tested with Chrome version 87.
Jan 03, 2021 6:02:31 PM org.openqa.selenium.remote.ProtocolHandshake createSession
INFO: Detected dialect: W3C
]]></system-err>
  </testcase>
  <testcase name="searchDifferentResults[60, 80, Registration date](4)" classname="com.romanceabroad.ui.PrettyWomenTests" time="10.367">
    <system-out><![CDATA[60 and 80
Parent!!!
Parent!!!
]]></system-out>
    <system-err><![CDATA[Starting ChromeDriver 86.0.4240.22 (398b0743353ff36fb1b82468f63a3a93b4e2e89e-refs/branch-heads/4240@{#378}) on port 34711
Only local connections are allowed.
Please see https://chromedriver.chromium.org/security-considerations for suggestions on keeping ChromeDriver safe.
ChromeDriver was started successfully.
[1609718640.391][WARNING]: This version of ChromeDriver has not been tested with Chrome version 87.
Jan 03, 2021 6:04:00 PM org.openqa.selenium.remote.ProtocolHandshake createSession
INFO: Detected dialect: W3C
]]></system-err>
  </testcase>
  <testcase name="testSearchButtonTestCase3" classname="com.romanceabroad.ui.PrettyWomenTests" time="5.815">
    <system-out><![CDATA[Parent!!!
clickable
]]></system-out>
    <system-err><![CDATA[Starting ChromeDriver 86.0.4240.22 (398b0743353ff36fb1b82468f63a3a93b4e2e89e-refs/branch-heads/4240@{#378}) on port 23176
Only local connections are allowed.
Please see https://chromedriver.chromium.org/security-considerations for suggestions on keeping ChromeDriver safe.
ChromeDriver was started successfully.
[1609718657.372][WARNING]: This version of ChromeDriver has not been tested with Chrome version 87.
Jan 03, 2021 6:04:17 PM org.openqa.selenium.remote.ProtocolHandshake createSession
INFO: Detected dialect: W3C
]]></system-err>
  </testcase>
  <testcase name="testThirdPageTestCase4" classname="com.romanceabroad.ui.PrettyWomenTests" time="8.992">
    <system-out><![CDATA[Parent!!!
Child!!!
]]></system-out>
    <system-err><![CDATA[Starting ChromeDriver 86.0.4240.22 (398b0743353ff36fb1b82468f63a3a93b4e2e89e-refs/branch-heads/4240@{#378}) on port 10563
Only local connections are allowed.
Please see https://chromedriver.chromium.org/security-considerations for suggestions on keeping ChromeDriver safe.
ChromeDriver was started successfully.
[1609718671.498][WARNING]: This version of ChromeDriver has not been tested with Chrome version 87.
Jan 03, 2021 6:04:31 PM org.openqa.selenium.remote.ProtocolHandshake createSession
INFO: Detected dialect: W3C
]]></system-err>
  </testcase>
  <testcase name="testSignInFillInLoginPassword[uhduwuw@.com, vfsdssveegf, false](1)" classname="com.romanceabroad.ui.SignInTests" time="1.61">
    <system-out><![CDATA[Login
Login
]]></system-out>
    <system-err><![CDATA[Starting ChromeDriver 86.0.4240.22 (398b0743353ff36fb1b82468f63a3a93b4e2e89e-refs/branch-heads/4240@{#378}) on port 16256
Only local connections are allowed.
Please see https://chromedriver.chromium.org/security-considerations for suggestions on keeping ChromeDriver safe.
ChromeDriver was started successfully.
[1609718688.008][WARNING]: This version of ChromeDriver has not been tested with Chrome version 87.
Jan 03, 2021 6:04:48 PM org.openqa.selenium.remote.ProtocolHandshake createSession
INFO: Detected dialect: W3C
]]></system-err>
  </testcase>
  <testcase name="testSignInFillInLoginPassword[manthesky@gmail.com, ooaxoamaooom450941!, true](2)" classname="com.romanceabroad.ui.SignInTests" time="2.129">
    <system-out><![CDATA[Login
Login
]]></system-out>
    <system-err><![CDATA[Starting ChromeDriver 86.0.4240.22 (398b0743353ff36fb1b82468f63a3a93b4e2e89e-refs/branch-heads/4240@{#378}) on port 20728
Only local connections are allowed.
Please see https://chromedriver.chromium.org/security-considerations for suggestions on keeping ChromeDriver safe.
ChromeDriver was started successfully.
[1609718696.630][WARNING]: This version of ChromeDriver has not been tested with Chrome version 87.
Jan 03, 2021 6:04:56 PM org.openqa.selenium.remote.ProtocolHandshake createSession
INFO: Detected dialect: W3C
]]></system-err>
  </testcase>
  <testcase name="testFillInContactUsPage" classname="com.romanceabroad.ui.ContactUsTests" time="9.14">
    <system-out><![CDATA[https://romanceabroad.com/tickets/
Reason:                                                     Other
                                                
]]></system-out>
    <system-err><![CDATA[Starting ChromeDriver 86.0.4240.22 (398b0743353ff36fb1b82468f63a3a93b4e2e89e-refs/branch-heads/4240@{#378}) on port 36581
Only local connections are allowed.
Please see https://chromedriver.chromium.org/security-considerations for suggestions on keeping ChromeDriver safe.
ChromeDriver was started successfully.
[1609718706.042][WARNING]: This version of ChromeDriver has not been tested with Chrome version 87.
Jan 03, 2021 6:05:06 PM org.openqa.selenium.remote.ProtocolHandshake createSession
INFO: Detected dialect: W3C
]]></system-err>
  </testcase>
  <testcase name="testTourToUkraineLink" classname="com.romanceabroad.ui.TourToUkraineTests" time="2.662">
    <system-out><![CDATA[Child!!!
https://romanceabroad.com/store/sweets/20-tour_to_ukraine
]]></system-out>
    <system-err><![CDATA[Starting ChromeDriver 86.0.4240.22 (398b0743353ff36fb1b82468f63a3a93b4e2e89e-refs/branch-heads/4240@{#378}) on port 10616
Only local connections are allowed.
Please see https://chromedriver.chromium.org/security-considerations for suggestions on keeping ChromeDriver safe.
ChromeDriver was started successfully.
[1609718721.477][WARNING]: This version of ChromeDriver has not been tested with Chrome version 87.
Jan 03, 2021 6:05:21 PM org.openqa.selenium.remote.ProtocolHandshake createSession
INFO: Detected dialect: W3C
]]></system-err>
  </testcase>
  <testcase name="testFillInformationRegistrationPage[1grounded@gmail.com, CrzboundLJOcRCHFHZhvGUqIY2yPjzip5cKVrnve2gEoy4kp2TjZWYzrFM1S2Z62BvhdrdlSM0YN4Efnw7K8w9HKy7d645PEnYFX22CKEdZoRuuKgqHQ6soWg3OYP9lVb5X, true](1)" classname="com.romanceabroad.ui.RegistrationTests" time="3.498">
    <system-out><![CDATA[1grounded@gmail.com
Click Join button
Type email in the text field1grounded@gmail.com
Type password in the text fieldCrazyeagle45!
Click Next button
Click Next button
Type username in the text fieldCrzboundLJOcRCHFHZhvGUqIY2yPjzip5cKVrnve2gEoy4kp2TjZWYzrFM1S2Z62BvhdrdlSM0YN4Efnw7K8w9HKy7d645PEnYFX22CKEdZoRuuKgqHQ6soWg3OYP9lVb5X
Choose day from the list11
Collecting elements in the list
Start using loop with size of list
Create new webElement of list
Create new String with text from element of list
Value of list1
Create new webElement of list
Create new String with text from element of list
Value of list2
Create new webElement of list
Create new String with text from element of list
Value of list3
Create new webElement of list
Create new String with text from element of list
Value of list4
Create new webElement of list
Create new String with text from element of list
Value of list5
Create new webElement of list
Create new String with text from element of list
Value of list6
Create new webElement of list
Create new String with text from element of list
Value of list7
Create new webElement of list
Create new String with text from element of list
Value of list8
Create new webElement of list
Create new String with text from element of list
Value of list9
Create new webElement of list
Create new String with text from element of list
Value of list10
Create new webElement of list
Create new String with text from element of list
Value of list11
Click list of elements
Create new webElement of list
Create new String with text from element of list
Value of list
Create new webElement of list
Create new String with text from element of list
Value of list
Create new webElement of list
Create new String with text from element of list
Value of list
Create new webElement of list
Create new String with text from element of list
Value of list
Create new webElement of list
Create new String with text from element of list
Value of list
Create new webElement of list
Create new String with text from element of list
Value of list
Create new webElement of list
Create new String with text from element of list
Value of list
Create new webElement of list
Create new String with text from element of list
Value of list
Create new webElement of list
Create new String with text from element of list
Value of list
Create new webElement of list
Create new String with text from element of list
Value of list
Create new webElement of list
Create new String with text from element of list
Value of list
Create new webElement of list
Create new String with text from element of list
Value of list
Create new webElement of list
Create new String with text from element of list
Value of list
Create new webElement of list
Create new String with text from element of list
Value of list
Create new webElement of list
Create new String with text from element of list
Value of list
Create new webElement of list
Create new String with text from element of list
Value of list
Create new webElement of list
Create new String with text from element of list
Value of list
Create new webElement of list
Create new String with text from element of list
Value of list
Create new webElement of list
Create new String with text from element of list
Value of list
Create new webElement of list
Create new String with text from element of list
Value of list
Choose month from the listMay
Collecting elements in the list
Start using loop with size of list
Create new webElement of list
Create new String with text from element of list
Value of listJan
Create new webElement of list
Create new String with text from element of list
Value of listFeb
Create new webElement of list
Create new String with text from element of list
Value of listMar
Create new webElement of list
Create new String with text from element of list
Value of listApr
Create new webElement of list
Create new String with text from element of list
Value of listMay
Click list of elements
Create new webElement of list
Create new String with text from element of list
Value of list
Create new webElement of list
Create new String with text from element of list
Value of list
Create new webElement of list
Create new String with text from element of list
Value of list
Create new webElement of list
Create new String with text from element of list
Value of list
Create new webElement of list
Create new String with text from element of list
Value of list
Create new webElement of list
Create new String with text from element of list
Value of list
Create new webElement of list
Create new String with text from element of list
Value of list
Choose year from the list1991
Collecting elements in the list
Start using loop with size of list
Create new webElement of list
Create new String with text from element of list
Value of list2003
Create new webElement of list
Create new String with text from element of list
Value of list2002
Create new webElement of list
Create new String with text from element of list
Value of list2001
Create new webElement of list
Create new String with text from element of list
Value of list2000
Create new webElement of list
Create new String with text from element of list
Value of list1999
Create new webElement of list
Create new String with text from element of list
Value of list1998
Create new webElement of list
Create new String with text from element of list
Value of list1997
Create new webElement of list
Create new String with text from element of list
Value of list1996
Create new webElement of list
Create new String with text from element of list
Value of list1995
Create new webElement of list
Create new String with text from element of list
Value of list1994
Create new webElement of list
Create new String with text from element of list
Value of list1993
Create new webElement of list
Create new String with text from element of list
Value of list1992
Create new webElement of list
Create new String with text from element of list
Value of list1991
Click list of elements
Create new webElement of list
Create new String with text from element of list
Value of list
Create new webElement of list
Create new String with text from element of list
Value of list
Create new webElement of list
Create new String with text from element of list
Value of list
Create new webElement of list
Create new String with text from element of list
Value of list
Create new webElement of list
Create new String with text from element of list
Value of list
Create new webElement of list
Create new String with text from element of list
Value of list
Create new webElement of list
Create new String with text from element of list
Value of list
Create new webElement of list
Create new String with text from element of list
Value of list
Create new webElement of list
Create new String with text from element of list
Value of list
Create new webElement of list
Create new String with text from element of list
Value of list
Create new webElement of list
Create new String with text from element of list
Value of list
Create new webElement of list
Create new String with text from element of list
Value of list
Create new webElement of list
Create new String with text from element of list
Value of list
Create new webElement of list
Create new String with text from element of list
Value of list
Create new webElement of list
Create new String with text from element of list
Value of list
Create new webElement of list
Create new String with text from element of list
Value of list
Create new webElement of list
Create new String with text from element of list
Value of list
Create new webElement of list
Create new String with text from element of list
Value of list
Create new webElement of list
Create new String with text from element of list
Value of list
Create new webElement of list
Create new String with text from element of list
Value of list
Create new webElement of list
Create new String with text from element of list
Value of list
Create new webElement of list
Create new String with text from element of list
Value of list
Create new webElement of list
Create new String with text from element of list
Value of list
Create new webElement of list
Create new String with text from element of list
Value of list
Create new webElement of list
Create new String with text from element of list
Value of list
Create new webElement of list
Create new String with text from element of list
Value of list
Create new webElement of list
Create new String with text from element of list
Value of list
Create new webElement of list
Create new String with text from element of list
Value of list
Create new webElement of list
Create new String with text from element of list
Value of list
Create new webElement of list
Create new String with text from element of list
Value of list
Create new webElement of list
Create new String with text from element of list
Value of list
Create new webElement of list
Create new String with text from element of list
Value of list
Create new webElement of list
Create new String with text from element of list
Value of list
Create new webElement of list
Create new String with text from element of list
Value of list
Create new webElement of list
Create new String with text from element of list
Value of list
Create new webElement of list
Create new String with text from element of list
Value of list
Create new webElement of list
Create new String with text from element of list
Value of list
Create new webElement of list
Create new String with text from element of list
Value of list
Create new webElement of list
Create new String with text from element of list
Value of list
Create new webElement of list
Create new String with text from element of list
Value of list
Create new webElement of list
Create new String with text from element of list
Value of list
Create new webElement of list
Create new String with text from element of list
Value of list
Create new webElement of list
Create new String with text from element of list
Value of list
Create new webElement of list
Create new String with text from element of list
Value of list
Create new webElement of list
Create new String with text from element of list
Value of list
Create new webElement of list
Create new String with text from element of list
Value of list
Create new webElement of list
Create new String with text from element of list
Value of list
Create new webElement of list
Create new String with text from element of list
Value of list
Create new webElement of list
Create new String with text from element of list
Value of list
Create new webElement of list
Create new String with text from element of list
Value of list
Type phone number in the text field7098679005
Click on confirmation checkbox
Clear the location
Type the city in the text fieldChicago
Type the location in the text fieldChicago, Illinois, United States
Collecting elements in the list
Start using loop with size of list
]]></system-out>
    <system-err><![CDATA[Starting ChromeDriver 86.0.4240.22 (398b0743353ff36fb1b82468f63a3a93b4e2e89e-refs/branch-heads/4240@{#378}) on port 5860
Only local connections are allowed.
Please see https://chromedriver.chromium.org/security-considerations for suggestions on keeping ChromeDriver safe.
ChromeDriver was started successfully.
[1609718731.317][WARNING]: This version of ChromeDriver has not been tested with Chrome version 87.
Jan 03, 2021 6:05:31 PM org.openqa.selenium.remote.ProtocolHandshake createSession
INFO: Detected dialect: W3C
]]></system-err>
  </testcase>
  <testcase name="testFillInformationRegistrationPage[2groundedmail.ru, CrzboundLJOcRCHFHZhvGUqIY2yPjzip5cKVrnve2gEoy4kp2TjZWYzrFM1S2Z62BvhdrdlSM0YN4Efnw7K8w9HKy7d645PEnYFX22CKEdZoRuuKgqHQ6soWg3OYP9lVb5X, false](2)" classname="com.romanceabroad.ui.RegistrationTests" time="0.638">
    <system-out><![CDATA[2groundedmail.ru
Click Join button
Type email in the text field2groundedmail.ru
Type password in the text fieldCrazyeagle45!
Click Next button
Error message is not displayed
]]></system-out>
    <system-err><![CDATA[Starting ChromeDriver 86.0.4240.22 (398b0743353ff36fb1b82468f63a3a93b4e2e89e-refs/branch-heads/4240@{#378}) on port 37815
Only local connections are allowed.
Please see https://chromedriver.chromium.org/security-considerations for suggestions on keeping ChromeDriver safe.
ChromeDriver was started successfully.
[1609718742.421][WARNING]: This version of ChromeDriver has not been tested with Chrome version 87.
Jan 03, 2021 6:05:42 PM org.openqa.selenium.remote.ProtocolHandshake createSession
INFO: Detected dialect: W3C
]]></system-err>
  </testcase>
  <testcase name="testFillInformationRegistrationPage[3grounded@yahoo.com, CrzboundLJOcRCHFHZhvGUqIY2yPjzip5cKVrnve2gEoy4kp2TjZWYzrFM1S2Z62BvhdrdlSM0YN4Efnw7K8w9HKy7d645PEnYFX22CKEdZoRuuKgqHQ6soWg3OYP9lVb5X, true](3)" classname="com.romanceabroad.ui.RegistrationTests" time="3.57">
    <system-out><![CDATA[3grounded@yahoo.com
Click Join button
Type email in the text field3grounded@yahoo.com
Type password in the text fieldCrazyeagle45!
Click Next button
Click Next button
Type username in the text fieldCrzboundLJOcRCHFHZhvGUqIY2yPjzip5cKVrnve2gEoy4kp2TjZWYzrFM1S2Z62BvhdrdlSM0YN4Efnw7K8w9HKy7d645PEnYFX22CKEdZoRuuKgqHQ6soWg3OYP9lVb5X
Choose day from the list11
Collecting elements in the list
Start using loop with size of list
Create new webElement of list
Create new String with text from element of list
Value of list1
Create new webElement of list
Create new String with text from element of list
Value of list2
Create new webElement of list
Create new String with text from element of list
Value of list3
Create new webElement of list
Create new String with text from element of list
Value of list4
Create new webElement of list
Create new String with text from element of list
Value of list5
Create new webElement of list
Create new String with text from element of list
Value of list6
Create new webElement of list
Create new String with text from element of list
Value of list7
Create new webElement of list
Create new String with text from element of list
Value of list8
Create new webElement of list
Create new String with text from element of list
Value of list9
Create new webElement of list
Create new String with text from element of list
Value of list10
Create new webElement of list
Create new String with text from element of list
Value of list11
Click list of elements
Create new webElement of list
Create new String with text from element of list
Value of list
Create new webElement of list
Create new String with text from element of list
Value of list
Create new webElement of list
Create new String with text from element of list
Value of list
Create new webElement of list
Create new String with text from element of list
Value of list
Create new webElement of list
Create new String with text from element of list
Value of list
Create new webElement of list
Create new String with text from element of list
Value of list
Create new webElement of list
Create new String with text from element of list
Value of list
Create new webElement of list
Create new String with text from element of list
Value of list
Create new webElement of list
Create new String with text from element of list
Value of list
Create new webElement of list
Create new String with text from element of list
Value of list
Create new webElement of list
Create new String with text from element of list
Value of list
Create new webElement of list
Create new String with text from element of list
Value of list
Create new webElement of list
Create new String with text from element of list
Value of list
Create new webElement of list
Create new String with text from element of list
Value of list
Create new webElement of list
Create new String with text from element of list
Value of list
Create new webElement of list
Create new String with text from element of list
Value of list
Create new webElement of list
Create new String with text from element of list
Value of list
Create new webElement of list
Create new String with text from element of list
Value of list
Create new webElement of list
Create new String with text from element of list
Value of list
Create new webElement of list
Create new String with text from element of list
Value of list
Choose month from the listMay
Collecting elements in the list
Start using loop with size of list
Create new webElement of list
Create new String with text from element of list
Value of listJan
Create new webElement of list
Create new String with text from element of list
Value of listFeb
Create new webElement of list
Create new String with text from element of list
Value of listMar
Create new webElement of list
Create new String with text from element of list
Value of listApr
Create new webElement of list
Create new String with text from element of list
Value of listMay
Click list of elements
Create new webElement of list
Create new String with text from element of list
Value of list
Create new webElement of list
Create new String with text from element of list
Value of list
Create new webElement of list
Create new String with text from element of list
Value of list
Create new webElement of list
Create new String with text from element of list
Value of list
Create new webElement of list
Create new String with text from element of list
Value of list
Create new webElement of list
Create new String with text from element of list
Value of list
Create new webElement of list
Create new String with text from element of list
Value of list
Choose year from the list1991
Collecting elements in the list
Start using loop with size of list
Create new webElement of list
Create new String with text from element of list
Value of list2003
Create new webElement of list
Create new String with text from element of list
Value of list2002
Create new webElement of list
Create new String with text from element of list
Value of list2001
Create new webElement of list
Create new String with text from element of list
Value of list2000
Create new webElement of list
Create new String with text from element of list
Value of list1999
Create new webElement of list
Create new String with text from element of list
Value of list1998
Create new webElement of list
Create new String with text from element of list
Value of list1997
Create new webElement of list
Create new String with text from element of list
Value of list1996
Create new webElement of list
Create new String with text from element of list
Value of list1995
Create new webElement of list
Create new String with text from element of list
Value of list1994
Create new webElement of list
Create new String with text from element of list
Value of list1993
Create new webElement of list
Create new String with text from element of list
Value of list1992
Create new webElement of list
Create new String with text from element of list
Value of list1991
Click list of elements
Create new webElement of list
Create new String with text from element of list
Value of list
Create new webElement of list
Create new String with text from element of list
Value of list
Create new webElement of list
Create new String with text from element of list
Value of list
Create new webElement of list
Create new String with text from element of list
Value of list
Create new webElement of list
Create new String with text from element of list
Value of list
Create new webElement of list
Create new String with text from element of list
Value of list
Create new webElement of list
Create new String with text from element of list
Value of list
Create new webElement of list
Create new String with text from element of list
Value of list
Create new webElement of list
Create new String with text from element of list
Value of list
Create new webElement of list
Create new String with text from element of list
Value of list
Create new webElement of list
Create new String with text from element of list
Value of list
Create new webElement of list
Create new String with text from element of list
Value of list
Create new webElement of list
Create new String with text from element of list
Value of list
Create new webElement of list
Create new String with text from element of list
Value of list
Create new webElement of list
Create new String with text from element of list
Value of list
Create new webElement of list
Create new String with text from element of list
Value of list
Create new webElement of list
Create new String with text from element of list
Value of list
Create new webElement of list
Create new String with text from element of list
Value of list
Create new webElement of list
Create new String with text from element of list
Value of list
Create new webElement of list
Create new String with text from element of list
Value of list
Create new webElement of list
Create new String with text from element of list
Value of list
Create new webElement of list
Create new String with text from element of list
Value of list
Create new webElement of list
Create new String with text from element of list
Value of list
Create new webElement of list
Create new String with text from element of list
Value of list
Create new webElement of list
Create new String with text from element of list
Value of list
Create new webElement of list
Create new String with text from element of list
Value of list
Create new webElement of list
Create new String with text from element of list
Value of list
Create new webElement of list
Create new String with text from element of list
Value of list
Create new webElement of list
Create new String with text from element of list
Value of list
Create new webElement of list
Create new String with text from element of list
Value of list
Create new webElement of list
Create new String with text from element of list
Value of list
Create new webElement of list
Create new String with text from element of list
Value of list
Create new webElement of list
Create new String with text from element of list
Value of list
Create new webElement of list
Create new String with text from element of list
Value of list
Create new webElement of list
Create new String with text from element of list
Value of list
Create new webElement of list
Create new String with text from element of list
Value of list
Create new webElement of list
Create new String with text from element of list
Value of list
Create new webElement of list
Create new String with text from element of list
Value of list
Create new webElement of list
Create new String with text from element of list
Value of list
Create new webElement of list
Create new String with text from element of list
Value of list
Create new webElement of list
Create new String with text from element of list
Value of list
Create new webElement of list
Create new String with text from element of list
Value of list
Create new webElement of list
Create new String with text from element of list
Value of list
Create new webElement of list
Create new String with text from element of list
Value of list
Create new webElement of list
Create new String with text from element of list
Value of list
Create new webElement of list
Create new String with text from element of list
Value of list
Create new webElement of list
Create new String with text from element of list
Value of list
Create new webElement of list
Create new String with text from element of list
Value of list
Create new webElement of list
Create new String with text from element of list
Value of list
Create new webElement of list
Create new String with text from element of list
Value of list
Type phone number in the text field7098679005
Click on confirmation checkbox
Clear the location
Type the city in the text fieldChicago
Type the location in the text fieldChicago, Illinois, United States
Collecting elements in the list
Start using loop with size of list
]]></system-out>
    <system-err><![CDATA[Starting ChromeDriver 86.0.4240.22 (398b0743353ff36fb1b82468f63a3a93b4e2e89e-refs/branch-heads/4240@{#378}) on port 38049
Only local connections are allowed.
Please see https://chromedriver.chromium.org/security-considerations for suggestions on keeping ChromeDriver safe.
ChromeDriver was started successfully.
[1609718749.975][WARNING]: This version of ChromeDriver has not been tested with Chrome version 87.
Jan 03, 2021 6:05:50 PM org.openqa.selenium.remote.ProtocolHandshake createSession
INFO: Detected dialect: W3C
]]></system-err>
  </testcase>
  <testcase name="testFillInformationRegistrationPage[horsethebest@gmail.com, oemfwofmwofmwof12, 4, Jun, 1996, 9146615378, Seattle, United States](1)" classname="com.romanceabroad.ui.RegistrationTests" time="4.808">
    <system-out><![CDATA[Click Join button
horsethebest@gmail.com
Click Join button
Type email in the text fieldhorsethebest@gmail.com
Type password in the text fieldoemfwofmwofmwof12
Click Next button
Type username in the text fieldCrzboundLJOcRCHFHZhvGUqIY2yPjzip5cKVrnve2gEoy4kp2TjZWYzrFM1S2Z62BvhdrdlSM0YN4Efnw7K8w9HKy7d645PEnYFX22CKEdZoRuuKgqHQ6soWg3OYP9lVb5XjL764vhG94o2SqOjt91PwC9NVOPqoPVnWzmxWqBYxPDxQK1bsL28SJWJHYJSjN55foL7ASQaHotYzQzuOC1E1BuVmfR1MtY6lOxwiMLllhHgHN9y1vuWOHG9Lw9
Choose day from the list4
Collecting elements in the list
Start using loop with size of list
Create new webElement of list
Create new String with text from element of list
Value of list1
Create new webElement of list
Create new String with text from element of list
Value of list2
Create new webElement of list
Create new String with text from element of list
Value of list3
Create new webElement of list
Create new String with text from element of list
Value of list4
Click list of elements
Create new webElement of list
Create new String with text from element of list
Value of list
Create new webElement of list
Create new String with text from element of list
Value of list
Create new webElement of list
Create new String with text from element of list
Value of list
Create new webElement of list
Create new String with text from element of list
Value of list
Create new webElement of list
Create new String with text from element of list
Value of list
Create new webElement of list
Create new String with text from element of list
Value of list
Create new webElement of list
Create new String with text from element of list
Value of list
Create new webElement of list
Create new String with text from element of list
Value of list
Create new webElement of list
Create new String with text from element of list
Value of list
Create new webElement of list
Create new String with text from element of list
Value of list
Create new webElement of list
Create new String with text from element of list
Value of list
Create new webElement of list
Create new String with text from element of list
Value of list
Create new webElement of list
Create new String with text from element of list
Value of list
Create new webElement of list
Create new String with text from element of list
Value of list
Create new webElement of list
Create new String with text from element of list
Value of list
Create new webElement of list
Create new String with text from element of list
Value of list
Create new webElement of list
Create new String with text from element of list
Value of list
Create new webElement of list
Create new String with text from element of list
Value of list
Create new webElement of list
Create new String with text from element of list
Value of list
Create new webElement of list
Create new String with text from element of list
Value of list
Create new webElement of list
Create new String with text from element of list
Value of list
Create new webElement of list
Create new String with text from element of list
Value of list
Create new webElement of list
Create new String with text from element of list
Value of list
Create new webElement of list
Create new String with text from element of list
Value of list
Create new webElement of list
Create new String with text from element of list
Value of list
Create new webElement of list
Create new String with text from element of list
Value of list
Create new webElement of list
Create new String with text from element of list
Value of list
Choose month from the listJun
Collecting elements in the list
Start using loop with size of list
Create new webElement of list
Create new String with text from element of list
Value of listJan
Create new webElement of list
Create new String with text from element of list
Value of listFeb
Create new webElement of list
Create new String with text from element of list
Value of listMar
Create new webElement of list
Create new String with text from element of list
Value of listApr
Create new webElement of list
Create new String with text from element of list
Value of listMay
Create new webElement of list
Create new String with text from element of list
Value of listJun
Click list of elements
Create new webElement of list
Create new String with text from element of list
Value of list
Create new webElement of list
Create new String with text from element of list
Value of list
Create new webElement of list
Create new String with text from element of list
Value of list
Create new webElement of list
Create new String with text from element of list
Value of list
Create new webElement of list
Create new String with text from element of list
Value of list
Create new webElement of list
Create new String with text from element of list
Value of list
Choose year from the list1996
Collecting elements in the list
Start using loop with size of list
Create new webElement of list
Create new String with text from element of list
Value of list2003
Create new webElement of list
Create new String with text from element of list
Value of list2002
Create new webElement of list
Create new String with text from element of list
Value of list2001
Create new webElement of list
Create new String with text from element of list
Value of list2000
Create new webElement of list
Create new String with text from element of list
Value of list1999
Create new webElement of list
Create new String with text from element of list
Value of list1998
Create new webElement of list
Create new String with text from element of list
Value of list1997
Create new webElement of list
Create new String with text from element of list
Value of list1996
Click list of elements
Create new webElement of list
Create new String with text from element of list
Value of list
Create new webElement of list
Create new String with text from element of list
Value of list
Create new webElement of list
Create new String with text from element of list
Value of list
Create new webElement of list
Create new String with text from element of list
Value of list
Create new webElement of list
Create new String with text from element of list
Value of list
Create new webElement of list
Create new String with text from element of list
Value of list
Create new webElement of list
Create new String with text from element of list
Value of list
Create new webElement of list
Create new String with text from element of list
Value of list
Create new webElement of list
Create new String with text from element of list
Value of list
Create new webElement of list
Create new String with text from element of list
Value of list
Create new webElement of list
Create new String with text from element of list
Value of list
Create new webElement of list
Create new String with text from element of list
Value of list
Create new webElement of list
Create new String with text from element of list
Value of list
Create new webElement of list
Create new String with text from element of list
Value of list
Create new webElement of list
Create new String with text from element of list
Value of list
Create new webElement of list
Create new String with text from element of list
Value of list
Create new webElement of list
Create new String with text from element of list
Value of list
Create new webElement of list
Create new String with text from element of list
Value of list
Create new webElement of list
Create new String with text from element of list
Value of list
Create new webElement of list
Create new String with text from element of list
Value of list
Create new webElement of list
Create new String with text from element of list
Value of list
Create new webElement of list
Create new String with text from element of list
Value of list
Create new webElement of list
Create new String with text from element of list
Value of list
Create new webElement of list
Create new String with text from element of list
Value of list
Create new webElement of list
Create new String with text from element of list
Value of list
Create new webElement of list
Create new String with text from element of list
Value of list
Create new webElement of list
Create new String with text from element of list
Value of list
Create new webElement of list
Create new String with text from element of list
Value of list
Create new webElement of list
Create new String with text from element of list
Value of list
Create new webElement of list
Create new String with text from element of list
Value of list
Create new webElement of list
Create new String with text from element of list
Value of list
Create new webElement of list
Create new String with text from element of list
Value of list
Create new webElement of list
Create new String with text from element of list
Value of list
Create new webElement of list
Create new String with text from element of list
Value of list
Create new webElement of list
Create new String with text from element of list
Value of list
Create new webElement of list
Create new String with text from element of list
Value of list
Create new webElement of list
Create new String with text from element of list
Value of list
Create new webElement of list
Create new String with text from element of list
Value of list
Create new webElement of list
Create new String with text from element of list
Value of list
Create new webElement of list
Create new String with text from element of list
Value of list
Create new webElement of list
Create new String with text from element of list
Value of list
Create new webElement of list
Create new String with text from element of list
Value of list
Create new webElement of list
Create new String with text from element of list
Value of list
Create new webElement of list
Create new String with text from element of list
Value of list
Create new webElement of list
Create new String with text from element of list
Value of list
Create new webElement of list
Create new String with text from element of list
Value of list
Create new webElement of list
Create new String with text from element of list
Value of list
Create new webElement of list
Create new String with text from element of list
Value of list
Create new webElement of list
Create new String with text from element of list
Value of list
Create new webElement of list
Create new String with text from element of list
Value of list
Create new webElement of list
Create new String with text from element of list
Value of list
Create new webElement of list
Create new String with text from element of list
Value of list
Create new webElement of list
Create new String with text from element of list
Value of list
Create new webElement of list
Create new String with text from element of list
Value of list
Create new webElement of list
Create new String with text from element of list
Value of list
Type phone number in the text field9146615378
Click on confirmation checkbox
Clear the location
Type the city in the text fieldSeattle
Type the location in the text fieldUnited States
Collecting elements in the list
Start using loop with size of list
]]></system-out>
    <system-err><![CDATA[Starting ChromeDriver 86.0.4240.22 (398b0743353ff36fb1b82468f63a3a93b4e2e89e-refs/branch-heads/4240@{#378}) on port 38583
Only local connections are allowed.
Please see https://chromedriver.chromium.org/security-considerations for suggestions on keeping ChromeDriver safe.
ChromeDriver was started successfully.
[1609718759.714][WARNING]: This version of ChromeDriver has not been tested with Chrome version 87.
Jan 03, 2021 6:05:59 PM org.openqa.selenium.remote.ProtocolHandshake createSession
INFO: Detected dialect: W3C
]]></system-err>
  </testcase>
</testsuite>