<?xml version="1.0" encoding="UTF-8"?>
<testng-results skipped="0" failed="0" ignored="3" total="29" passed="26">
  <reporter-output>
  </reporter-output>
  <suite name="TestSuite" duration-ms="858298" started-at="2021-01-07T11:20:15 CST" finished-at="2021-01-07T11:34:34 CST">
    <groups>
      <group name="admin">
        <method signature="BlogTests.testBlogLink()[pri:0, instance:com.romanceabroad.ui.BlogTests@3dd4520b]" name="testBlogLink" class="com.romanceabroad.ui.BlogTests"/>
        <method signature="ContactUsTests.testFillInContactUsPage()[pri:0, instance:com.romanceabroad.ui.ContactUsTests@627551fb]" name="testFillInContactUsPage" class="com.romanceabroad.ui.ContactUsTests"/>
        <method signature="GiftsTests.testGiftsLink()[pri:0, instance:com.romanceabroad.ui.GiftsTests@23e028a9]" name="testGiftsLink" class="com.romanceabroad.ui.GiftsTests"/>
        <method signature="HowWeWorkTests.testCountPagesContentTestCase14()[pri:3, instance:com.romanceabroad.ui.HowWeWorkTests@5ae63ade]" name="testCountPagesContentTestCase14" class="com.romanceabroad.ui.HowWeWorkTests"/>
        <method signature="HowWeWorkTests.testHowWeWorkLink()[pri:1, instance:com.romanceabroad.ui.HowWeWorkTests@5ae63ade]" name="testHowWeWorkLink" class="com.romanceabroad.ui.HowWeWorkTests"/>
        <method signature="HowWeWorkTests.testMainTitleTestCase13()[pri:2, instance:com.romanceabroad.ui.HowWeWorkTests@5ae63ade]" name="testMainTitleTestCase13" class="com.romanceabroad.ui.HowWeWorkTests"/>
        <method signature="MainTests.testCheckCountTitlesTestCase10()[pri:2, instance:com.romanceabroad.ui.MainTests@610694f1]" name="testCheckCountTitlesTestCase10" class="com.romanceabroad.ui.MainTests"/>
        <method signature="MainTests.testCheckMainTitlesTestCase11()[pri:3, instance:com.romanceabroad.ui.MainTests@610694f1]" name="testCheckMainTitlesTestCase11" class="com.romanceabroad.ui.MainTests"/>
        <method signature="MainTests.testYoutubePlayButtonTestCase9()[pri:1, instance:com.romanceabroad.ui.MainTests@610694f1]" name="testYoutubePlayButtonTestCase9" class="com.romanceabroad.ui.MainTests"/>
        <method signature="PhotosTests.testClickButtonAddPhoto()[pri:2, instance:com.romanceabroad.ui.PhotosTests@43814d18]" name="testClickButtonAddPhoto" class="com.romanceabroad.ui.PhotosTests"/>
        <method signature="PhotosTests.testPhotosLink()[pri:1, instance:com.romanceabroad.ui.PhotosTests@43814d18]" name="testPhotosLink" class="com.romanceabroad.ui.PhotosTests"/>
        <method signature="PhotosTests.testTabs()[pri:3, instance:com.romanceabroad.ui.PhotosTests@43814d18]" name="testTabs" class="com.romanceabroad.ui.PhotosTests"/>
        <method signature="PrettyWomenTests.searchDifferentResults(java.lang.String, java.lang.String, java.lang.String)[pri:2, instance:com.romanceabroad.ui.PrettyWomenTests@5c5a1b69]" name="searchDifferentResults" class="com.romanceabroad.ui.PrettyWomenTests"/>
        <method signature="PrettyWomenTests.testPrettyWomenLink()[pri:1, instance:com.romanceabroad.ui.PrettyWomenTests@5c5a1b69]" name="testPrettyWomenLink" class="com.romanceabroad.ui.PrettyWomenTests"/>
        <method signature="PrettyWomenTests.testSearchButtonTestCase3()[pri:3, instance:com.romanceabroad.ui.PrettyWomenTests@5c5a1b69]" name="testSearchButtonTestCase3" class="com.romanceabroad.ui.PrettyWomenTests"/>
        <method signature="PrettyWomenTests.testThirdPageTestCase4()[pri:4, instance:com.romanceabroad.ui.PrettyWomenTests@5c5a1b69]" name="testThirdPageTestCase4" class="com.romanceabroad.ui.PrettyWomenTests"/>
        <method signature="RegistrationTests.testFillInformationRegistrationPage(java.lang.String, java.lang.String, boolean)[pri:0, instance:com.romanceabroad.ui.RegistrationTests@2758fe70]" name="testFillInformationRegistrationPage" class="com.romanceabroad.ui.RegistrationTests"/>
        <method signature="RegistrationTests.testFillInformationRegistrationPage(java.lang.String, java.lang.String, java.lang.String, java.lang.String, java.lang.String, java.lang.String, java.lang.String, java.lang.String)[pri:0, instance:com.romanceabroad.ui.RegistrationTests@2758fe70]" name="testFillInformationRegistrationPage" class="com.romanceabroad.ui.RegistrationTests"/>
        <method signature="SignInTests.testSignInFillInLoginPassword(java.lang.String, java.lang.String, java.lang.Boolean)[pri:0, instance:com.romanceabroad.ui.SignInTests@3701eaf6]" name="testSignInFillInLoginPassword" class="com.romanceabroad.ui.SignInTests"/>
        <method signature="TourToUkraineTests.testTourToUkraineLink()[pri:0, instance:com.romanceabroad.ui.TourToUkraineTests@2b552920]" name="testTourToUkraineLink" class="com.romanceabroad.ui.TourToUkraineTests"/>
      </group> <!-- admin -->
      <group name="user">
        <method signature="BlogTests.testBlogLink()[pri:0, instance:com.romanceabroad.ui.BlogTests@3dd4520b]" name="testBlogLink" class="com.romanceabroad.ui.BlogTests"/>
        <method signature="GiftsTests.testGiftsLink()[pri:0, instance:com.romanceabroad.ui.GiftsTests@23e028a9]" name="testGiftsLink" class="com.romanceabroad.ui.GiftsTests"/>
        <method signature="HowWeWorkTests.testCountPagesContentTestCase14()[pri:3, instance:com.romanceabroad.ui.HowWeWorkTests@5ae63ade]" name="testCountPagesContentTestCase14" class="com.romanceabroad.ui.HowWeWorkTests"/>
        <method signature="HowWeWorkTests.testHowWeWorkLink()[pri:1, instance:com.romanceabroad.ui.HowWeWorkTests@5ae63ade]" name="testHowWeWorkLink" class="com.romanceabroad.ui.HowWeWorkTests"/>
        <method signature="HowWeWorkTests.testMainTitleTestCase13()[pri:2, instance:com.romanceabroad.ui.HowWeWorkTests@5ae63ade]" name="testMainTitleTestCase13" class="com.romanceabroad.ui.HowWeWorkTests"/>
        <method signature="MainTests.testCheckCountTitlesTestCase10()[pri:2, instance:com.romanceabroad.ui.MainTests@610694f1]" name="testCheckCountTitlesTestCase10" class="com.romanceabroad.ui.MainTests"/>
        <method signature="MainTests.testCheckMainTitlesTestCase11()[pri:3, instance:com.romanceabroad.ui.MainTests@610694f1]" name="testCheckMainTitlesTestCase11" class="com.romanceabroad.ui.MainTests"/>
        <method signature="MainTests.testYoutubePlayButtonTestCase9()[pri:1, instance:com.romanceabroad.ui.MainTests@610694f1]" name="testYoutubePlayButtonTestCase9" class="com.romanceabroad.ui.MainTests"/>
        <method signature="PhotosTests.testClickButtonAddPhoto()[pri:2, instance:com.romanceabroad.ui.PhotosTests@43814d18]" name="testClickButtonAddPhoto" class="com.romanceabroad.ui.PhotosTests"/>
        <method signature="PhotosTests.testPhotosLink()[pri:1, instance:com.romanceabroad.ui.PhotosTests@43814d18]" name="testPhotosLink" class="com.romanceabroad.ui.PhotosTests"/>
        <method signature="PhotosTests.testTabs()[pri:3, instance:com.romanceabroad.ui.PhotosTests@43814d18]" name="testTabs" class="com.romanceabroad.ui.PhotosTests"/>
        <method signature="PrettyWomenTests.searchDifferentResults(java.lang.String, java.lang.String, java.lang.String)[pri:2, instance:com.romanceabroad.ui.PrettyWomenTests@5c5a1b69]" name="searchDifferentResults" class="com.romanceabroad.ui.PrettyWomenTests"/>
        <method signature="PrettyWomenTests.testPrettyWomenLink()[pri:1, instance:com.romanceabroad.ui.PrettyWomenTests@5c5a1b69]" name="testPrettyWomenLink" class="com.romanceabroad.ui.PrettyWomenTests"/>
        <method signature="PrettyWomenTests.testSearchButtonTestCase3()[pri:3, instance:com.romanceabroad.ui.PrettyWomenTests@5c5a1b69]" name="testSearchButtonTestCase3" class="com.romanceabroad.ui.PrettyWomenTests"/>
        <method signature="PrettyWomenTests.testThirdPageTestCase4()[pri:4, instance:com.romanceabroad.ui.PrettyWomenTests@5c5a1b69]" name="testThirdPageTestCase4" class="com.romanceabroad.ui.PrettyWomenTests"/>
        <method signature="RegistrationTests.testFillInformationRegistrationPage(java.lang.String, java.lang.String, boolean)[pri:0, instance:com.romanceabroad.ui.RegistrationTests@2758fe70]" name="testFillInformationRegistrationPage" class="com.romanceabroad.ui.RegistrationTests"/>
        <method signature="RegistrationTests.testFillInformationRegistrationPage(java.lang.String, java.lang.String, java.lang.String, java.lang.String, java.lang.String, java.lang.String, java.lang.String, java.lang.String)[pri:0, instance:com.romanceabroad.ui.RegistrationTests@2758fe70]" name="testFillInformationRegistrationPage" class="com.romanceabroad.ui.RegistrationTests"/>
        <method signature="SignInTests.testSignInFillInLoginPassword(java.lang.String, java.lang.String, java.lang.Boolean)[pri:0, instance:com.romanceabroad.ui.SignInTests@3701eaf6]" name="testSignInFillInLoginPassword" class="com.romanceabroad.ui.SignInTests"/>
        <method signature="TourToUkraineTests.testTourToUkraineLink()[pri:0, instance:com.romanceabroad.ui.TourToUkraineTests@2b552920]" name="testTourToUkraineLink" class="com.romanceabroad.ui.TourToUkraineTests"/>
      </group> <!-- user -->
      <group name="users">
        <method signature="ContactUsTests.testFillInContactUsPage()[pri:0, instance:com.romanceabroad.ui.ContactUsTests@627551fb]" name="testFillInContactUsPage" class="com.romanceabroad.ui.ContactUsTests"/>
      </group> <!-- users -->
    </groups>
    <test name="ChromeTestCases" duration-ms="858298" started-at="2021-01-07T11:20:15 CST" finished-at="2021-01-07T11:34:34 CST">
      <class name="com.romanceabroad.ui.HowWeWorkTests">
        <test-method status="PASS" signature="setup(java.lang.String, java.lang.String, java.lang.String, java.lang.String, java.lang.reflect.Method)[pri:0, instance:com.romanceabroad.ui.HowWeWorkTests@5ae63ade]" name="setup" is-config="true" duration-ms="9310" started-at="2021-01-07T11:23:00 CST" finished-at="2021-01-07T11:23:09 CST">
          <params>
            <param index="0">
              <value>
                <![CDATA[chrome]]>
              </value>
            </param>
            <param index="1">
              <value>
                <![CDATA[80.0]]>
              </value>
            </param>
            <param index="2">
              <value>
                <![CDATA[Mac]]>
              </value>
            </param>
            <param index="3">
              <value>
                <![CDATA[sauce]]>
              </value>
            </param>
            <param index="4">
              <value>
                <![CDATA[public void com.romanceabroad.ui.HowWeWorkTests.testHowWeWorkLink()]]>
              </value>
            </param>
          </params>
          <reporter-output>
          </reporter-output>
        </test-method> <!-- setup -->
        <test-method status="PASS" signature="testHowWeWorkLink()[pri:1, instance:com.romanceabroad.ui.HowWeWorkTests@5ae63ade]" name="testHowWeWorkLink" duration-ms="2520" started-at="2021-01-07T11:23:09 CST" finished-at="2021-01-07T11:23:12 CST">
          <reporter-output>
          </reporter-output>
        </test-method> <!-- testHowWeWorkLink -->
        <test-method status="PASS" signature="afterActions(org.testng.ITestResult)[pri:0, instance:com.romanceabroad.ui.HowWeWorkTests@5ae63ade]" name="afterActions" is-config="true" duration-ms="320" started-at="2021-01-07T11:23:12 CST" finished-at="2021-01-07T11:23:12 CST">
          <params>
            <param index="0">
              <value>
                <![CDATA[[TestResult name=testHowWeWorkLink status=SUCCESS method=HowWeWorkTests.testHowWeWorkLink()[pri:1, instance:com.romanceabroad.ui.HowWeWorkTests@5ae63ade] output={null}]]]>
              </value>
            </param>
          </params>
          <reporter-output>
          </reporter-output>
        </test-method> <!-- afterActions -->
        <test-method status="PASS" signature="setup(java.lang.String, java.lang.String, java.lang.String, java.lang.String, java.lang.reflect.Method)[pri:0, instance:com.romanceabroad.ui.HowWeWorkTests@5ae63ade]" name="setup" is-config="true" duration-ms="13748" started-at="2021-01-07T11:23:12 CST" finished-at="2021-01-07T11:23:26 CST">
          <params>
            <param index="0">
              <value>
                <![CDATA[chrome]]>
              </value>
            </param>
            <param index="1">
              <value>
                <![CDATA[80.0]]>
              </value>
            </param>
            <param index="2">
              <value>
                <![CDATA[Mac]]>
              </value>
            </param>
            <param index="3">
              <value>
                <![CDATA[sauce]]>
              </value>
            </param>
            <param index="4">
              <value>
                <![CDATA[public void com.romanceabroad.ui.HowWeWorkTests.testMainTitleTestCase13()]]>
              </value>
            </param>
          </params>
          <reporter-output>
          </reporter-output>
        </test-method> <!-- setup -->
        <test-method status="PASS" signature="testMainTitleTestCase13()[pri:2, instance:com.romanceabroad.ui.HowWeWorkTests@5ae63ade]" name="testMainTitleTestCase13" duration-ms="5569" started-at="2021-01-07T11:23:26 CST" finished-at="2021-01-07T11:23:32 CST">
          <reporter-output>
          </reporter-output>
        </test-method> <!-- testMainTitleTestCase13 -->
        <test-method status="PASS" signature="afterActions(org.testng.ITestResult)[pri:0, instance:com.romanceabroad.ui.HowWeWorkTests@5ae63ade]" name="afterActions" is-config="true" duration-ms="574" started-at="2021-01-07T11:23:32 CST" finished-at="2021-01-07T11:23:32 CST">
          <params>
            <param index="0">
              <value>
                <![CDATA[[TestResult name=testMainTitleTestCase13 status=SUCCESS method=HowWeWorkTests.testMainTitleTestCase13()[pri:2, instance:com.romanceabroad.ui.HowWeWorkTests@5ae63ade] output={null}]]]>
              </value>
            </param>
          </params>
          <reporter-output>
          </reporter-output>
        </test-method> <!-- afterActions -->
        <test-method status="PASS" signature="setup(java.lang.String, java.lang.String, java.lang.String, java.lang.String, java.lang.reflect.Method)[pri:0, instance:com.romanceabroad.ui.HowWeWorkTests@5ae63ade]" name="setup" is-config="true" duration-ms="10443" started-at="2021-01-07T11:23:32 CST" finished-at="2021-01-07T11:23:43 CST">
          <params>
            <param index="0">
              <value>
                <![CDATA[chrome]]>
              </value>
            </param>
            <param index="1">
              <value>
                <![CDATA[80.0]]>
              </value>
            </param>
            <param index="2">
              <value>
                <![CDATA[Mac]]>
              </value>
            </param>
            <param index="3">
              <value>
                <![CDATA[sauce]]>
              </value>
            </param>
            <param index="4">
              <value>
                <![CDATA[public void com.romanceabroad.ui.HowWeWorkTests.testCountPagesContentTestCase14()]]>
              </value>
            </param>
          </params>
          <reporter-output>
          </reporter-output>
        </test-method> <!-- setup -->
        <test-method status="PASS" signature="testCountPagesContentTestCase14()[pri:3, instance:com.romanceabroad.ui.HowWeWorkTests@5ae63ade]" name="testCountPagesContentTestCase14" duration-ms="4462" started-at="2021-01-07T11:23:43 CST" finished-at="2021-01-07T11:23:47 CST">
          <reporter-output>
          </reporter-output>
        </test-method> <!-- testCountPagesContentTestCase14 -->
        <test-method status="PASS" signature="afterActions(org.testng.ITestResult)[pri:0, instance:com.romanceabroad.ui.HowWeWorkTests@5ae63ade]" name="afterActions" is-config="true" duration-ms="350" started-at="2021-01-07T11:23:47 CST" finished-at="2021-01-07T11:23:47 CST">
          <params>
            <param index="0">
              <value>
                <![CDATA[[TestResult name=testCountPagesContentTestCase14 status=SUCCESS method=HowWeWorkTests.testCountPagesContentTestCase14()[pri:3, instance:com.romanceabroad.ui.HowWeWorkTests@5ae63ade] output={null}]]]>
              </value>
            </param>
          </params>
          <reporter-output>
          </reporter-output>
        </test-method> <!-- afterActions -->
      </class> <!-- com.romanceabroad.ui.HowWeWorkTests -->
      <class name="com.romanceabroad.ui.SignInTests">
        <test-method status="PASS" signature="setup(java.lang.String, java.lang.String, java.lang.String, java.lang.String, java.lang.reflect.Method)[pri:0, instance:com.romanceabroad.ui.SignInTests@3701eaf6]" name="setup" is-config="true" duration-ms="10682" started-at="2021-01-07T11:30:35 CST" finished-at="2021-01-07T11:30:46 CST">
          <params>
            <param index="0">
              <value>
                <![CDATA[chrome]]>
              </value>
            </param>
            <param index="1">
              <value>
                <![CDATA[80.0]]>
              </value>
            </param>
            <param index="2">
              <value>
                <![CDATA[Mac]]>
              </value>
            </param>
            <param index="3">
              <value>
                <![CDATA[sauce]]>
              </value>
            </param>
            <param index="4">
              <value>
                <![CDATA[public void com.romanceabroad.ui.SignInTests.testSignInFillInLoginPassword(java.lang.String,java.lang.String,java.lang.Boolean)]]>
              </value>
            </param>
          </params>
          <reporter-output>
          </reporter-output>
        </test-method> <!-- setup -->
        <test-method status="PASS" signature="testSignInFillInLoginPassword(java.lang.String, java.lang.String, java.lang.Boolean)[pri:0, instance:com.romanceabroad.ui.SignInTests@3701eaf6]" name="testSignInFillInLoginPassword" duration-ms="5913" started-at="2021-01-07T11:30:46 CST" data-provider="SignIn" finished-at="2021-01-07T11:30:52 CST">
          <params>
            <param index="0">
              <value>
                <![CDATA[uhduwuw@.com]]>
              </value>
            </param>
            <param index="1">
              <value>
                <![CDATA[vfsdssveegf]]>
              </value>
            </param>
            <param index="2">
              <value>
                <![CDATA[false]]>
              </value>
            </param>
          </params>
          <reporter-output>
          </reporter-output>
        </test-method> <!-- testSignInFillInLoginPassword -->
        <test-method status="PASS" signature="afterActions(org.testng.ITestResult)[pri:0, instance:com.romanceabroad.ui.SignInTests@3701eaf6]" name="afterActions" is-config="true" duration-ms="1309" started-at="2021-01-07T11:30:52 CST" finished-at="2021-01-07T11:30:53 CST">
          <params>
            <param index="0">
              <value>
                <![CDATA[[TestResult name=testSignInFillInLoginPassword status=SUCCESS method=SignInTests.testSignInFillInLoginPassword(java.lang.String, java.lang.String, java.lang.Boolean)[pri:0, instance:com.romanceabroad.ui.SignInTests@3701eaf6] output={null}]]]>
              </value>
            </param>
          </params>
          <reporter-output>
          </reporter-output>
        </test-method> <!-- afterActions -->
        <test-method status="PASS" signature="setup(java.lang.String, java.lang.String, java.lang.String, java.lang.String, java.lang.reflect.Method)[pri:0, instance:com.romanceabroad.ui.SignInTests@3701eaf6]" name="setup" is-config="true" duration-ms="12821" started-at="2021-01-07T11:30:53 CST" finished-at="2021-01-07T11:31:06 CST">
          <params>
            <param index="0">
              <value>
                <![CDATA[chrome]]>
              </value>
            </param>
            <param index="1">
              <value>
                <![CDATA[80.0]]>
              </value>
            </param>
            <param index="2">
              <value>
                <![CDATA[Mac]]>
              </value>
            </param>
            <param index="3">
              <value>
                <![CDATA[sauce]]>
              </value>
            </param>
            <param index="4">
              <value>
                <![CDATA[public void com.romanceabroad.ui.SignInTests.testSignInFillInLoginPassword(java.lang.String,java.lang.String,java.lang.Boolean)]]>
              </value>
            </param>
          </params>
          <reporter-output>
          </reporter-output>
        </test-method> <!-- setup -->
        <test-method status="PASS" signature="testSignInFillInLoginPassword(java.lang.String, java.lang.String, java.lang.Boolean)[pri:0, instance:com.romanceabroad.ui.SignInTests@3701eaf6]" name="testSignInFillInLoginPassword" duration-ms="4310" started-at="2021-01-07T11:31:06 CST" data-provider="SignIn" finished-at="2021-01-07T11:31:10 CST">
          <params>
            <param index="0">
              <value>
                <![CDATA[manthesky@gmail.com]]>
              </value>
            </param>
            <param index="1">
              <value>
                <![CDATA[ooaxoamaooom450941!]]>
              </value>
            </param>
            <param index="2">
              <value>
                <![CDATA[true]]>
              </value>
            </param>
          </params>
          <reporter-output>
          </reporter-output>
        </test-method> <!-- testSignInFillInLoginPassword -->
        <test-method status="PASS" signature="afterActions(org.testng.ITestResult)[pri:0, instance:com.romanceabroad.ui.SignInTests@3701eaf6]" name="afterActions" is-config="true" duration-ms="604" started-at="2021-01-07T11:31:10 CST" finished-at="2021-01-07T11:31:11 CST">
          <params>
            <param index="0">
              <value>
                <![CDATA[[TestResult name=testSignInFillInLoginPassword status=SUCCESS method=SignInTests.testSignInFillInLoginPassword(java.lang.String, java.lang.String, java.lang.Boolean)[pri:0, instance:com.romanceabroad.ui.SignInTests@3701eaf6] output={null}]]]>
              </value>
            </param>
          </params>
          <reporter-output>
          </reporter-output>
        </test-method> <!-- afterActions -->
      </class> <!-- com.romanceabroad.ui.SignInTests -->
      <class name="com.romanceabroad.ui.PrettyWomenTests">
        <test-method status="PASS" signature="setup(java.lang.String, java.lang.String, java.lang.String, java.lang.String, java.lang.reflect.Method)[pri:0, instance:com.romanceabroad.ui.PrettyWomenTests@5c5a1b69]" name="setup" is-config="true" duration-ms="9627" started-at="2021-01-07T11:25:10 CST" finished-at="2021-01-07T11:25:20 CST">
          <params>
            <param index="0">
              <value>
                <![CDATA[chrome]]>
              </value>
            </param>
            <param index="1">
              <value>
                <![CDATA[80.0]]>
              </value>
            </param>
            <param index="2">
              <value>
                <![CDATA[Mac]]>
              </value>
            </param>
            <param index="3">
              <value>
                <![CDATA[sauce]]>
              </value>
            </param>
            <param index="4">
              <value>
                <![CDATA[public void com.romanceabroad.ui.PrettyWomenTests.testPrettyWomenLink()]]>
              </value>
            </param>
          </params>
          <reporter-output>
          </reporter-output>
        </test-method> <!-- setup -->
        <test-method status="PASS" signature="testPrettyWomenLink()[pri:1, instance:com.romanceabroad.ui.PrettyWomenTests@5c5a1b69]" name="testPrettyWomenLink" duration-ms="10867" started-at="2021-01-07T11:25:20 CST" finished-at="2021-01-07T11:25:31 CST">
          <reporter-output>
          </reporter-output>
        </test-method> <!-- testPrettyWomenLink -->
        <test-method status="PASS" signature="afterActions(org.testng.ITestResult)[pri:0, instance:com.romanceabroad.ui.PrettyWomenTests@5c5a1b69]" name="afterActions" is-config="true" duration-ms="327" started-at="2021-01-07T11:25:31 CST" finished-at="2021-01-07T11:25:31 CST">
          <params>
            <param index="0">
              <value>
                <![CDATA[[TestResult name=testPrettyWomenLink status=SUCCESS method=PrettyWomenTests.testPrettyWomenLink()[pri:1, instance:com.romanceabroad.ui.PrettyWomenTests@5c5a1b69] output={null}]]]>
              </value>
            </param>
          </params>
          <reporter-output>
          </reporter-output>
        </test-method> <!-- afterActions -->
        <test-method status="PASS" signature="setup(java.lang.String, java.lang.String, java.lang.String, java.lang.String, java.lang.reflect.Method)[pri:0, instance:com.romanceabroad.ui.PrettyWomenTests@5c5a1b69]" name="setup" is-config="true" duration-ms="10352" started-at="2021-01-07T11:25:31 CST" finished-at="2021-01-07T11:25:42 CST">
          <params>
            <param index="0">
              <value>
                <![CDATA[chrome]]>
              </value>
            </param>
            <param index="1">
              <value>
                <![CDATA[80.0]]>
              </value>
            </param>
            <param index="2">
              <value>
                <![CDATA[Mac]]>
              </value>
            </param>
            <param index="3">
              <value>
                <![CDATA[sauce]]>
              </value>
            </param>
            <param index="4">
              <value>
                <![CDATA[public void com.romanceabroad.ui.PrettyWomenTests.searchDifferentResults(java.lang.String,java.lang.String,java.lang.String)]]>
              </value>
            </param>
          </params>
          <reporter-output>
          </reporter-output>
        </test-method> <!-- setup -->
        <test-method status="PASS" signature="searchDifferentResults(java.lang.String, java.lang.String, java.lang.String)[pri:2, instance:com.romanceabroad.ui.PrettyWomenTests@5c5a1b69]" name="searchDifferentResults" duration-ms="95284" started-at="2021-01-07T11:25:42 CST" data-provider="PrettyWomen" finished-at="2021-01-07T11:27:17 CST">
          <params>
            <param index="0">
              <value>
                <![CDATA[18]]>
              </value>
            </param>
            <param index="1">
              <value>
                <![CDATA[80]]>
              </value>
            </param>
            <param index="2">
              <value>
                <![CDATA[Default]]>
              </value>
            </param>
          </params>
          <reporter-output>
          </reporter-output>
        </test-method> <!-- searchDifferentResults -->
        <test-method status="PASS" signature="afterActions(org.testng.ITestResult)[pri:0, instance:com.romanceabroad.ui.PrettyWomenTests@5c5a1b69]" name="afterActions" is-config="true" duration-ms="698" started-at="2021-01-07T11:27:17 CST" finished-at="2021-01-07T11:27:18 CST">
          <params>
            <param index="0">
              <value>
                <![CDATA[[TestResult name=searchDifferentResults status=SUCCESS method=PrettyWomenTests.searchDifferentResults(java.lang.String, java.lang.String, java.lang.String)[pri:2, instance:com.romanceabroad.ui.PrettyWomenTests@5c5a1b69] output={null}]]]>
              </value>
            </param>
          </params>
          <reporter-output>
          </reporter-output>
        </test-method> <!-- afterActions -->
        <test-method status="PASS" signature="setup(java.lang.String, java.lang.String, java.lang.String, java.lang.String, java.lang.reflect.Method)[pri:0, instance:com.romanceabroad.ui.PrettyWomenTests@5c5a1b69]" name="setup" is-config="true" duration-ms="17373" started-at="2021-01-07T11:27:18 CST" finished-at="2021-01-07T11:27:35 CST">
          <params>
            <param index="0">
              <value>
                <![CDATA[chrome]]>
              </value>
            </param>
            <param index="1">
              <value>
                <![CDATA[80.0]]>
              </value>
            </param>
            <param index="2">
              <value>
                <![CDATA[Mac]]>
              </value>
            </param>
            <param index="3">
              <value>
                <![CDATA[sauce]]>
              </value>
            </param>
            <param index="4">
              <value>
                <![CDATA[public void com.romanceabroad.ui.PrettyWomenTests.searchDifferentResults(java.lang.String,java.lang.String,java.lang.String)]]>
              </value>
            </param>
          </params>
          <reporter-output>
          </reporter-output>
        </test-method> <!-- setup -->
        <test-method status="PASS" signature="searchDifferentResults(java.lang.String, java.lang.String, java.lang.String)[pri:2, instance:com.romanceabroad.ui.PrettyWomenTests@5c5a1b69]" name="searchDifferentResults" duration-ms="12690" started-at="2021-01-07T11:27:35 CST" data-provider="PrettyWomen" finished-at="2021-01-07T11:27:48 CST">
          <params>
            <param index="0">
              <value>
                <![CDATA[18]]>
              </value>
            </param>
            <param index="1">
              <value>
                <![CDATA[19]]>
              </value>
            </param>
            <param index="2">
              <value>
                <![CDATA[Name]]>
              </value>
            </param>
          </params>
          <reporter-output>
          </reporter-output>
        </test-method> <!-- searchDifferentResults -->
        <test-method status="PASS" signature="afterActions(org.testng.ITestResult)[pri:0, instance:com.romanceabroad.ui.PrettyWomenTests@5c5a1b69]" name="afterActions" is-config="true" duration-ms="336" started-at="2021-01-07T11:27:48 CST" finished-at="2021-01-07T11:27:48 CST">
          <params>
            <param index="0">
              <value>
                <![CDATA[[TestResult name=searchDifferentResults status=SUCCESS method=PrettyWomenTests.searchDifferentResults(java.lang.String, java.lang.String, java.lang.String)[pri:2, instance:com.romanceabroad.ui.PrettyWomenTests@5c5a1b69] output={null}]]]>
              </value>
            </param>
          </params>
          <reporter-output>
          </reporter-output>
        </test-method> <!-- afterActions -->
        <test-method status="PASS" signature="setup(java.lang.String, java.lang.String, java.lang.String, java.lang.String, java.lang.reflect.Method)[pri:0, instance:com.romanceabroad.ui.PrettyWomenTests@5c5a1b69]" name="setup" is-config="true" duration-ms="8763" started-at="2021-01-07T11:27:48 CST" finished-at="2021-01-07T11:27:57 CST">
          <params>
            <param index="0">
              <value>
                <![CDATA[chrome]]>
              </value>
            </param>
            <param index="1">
              <value>
                <![CDATA[80.0]]>
              </value>
            </param>
            <param index="2">
              <value>
                <![CDATA[Mac]]>
              </value>
            </param>
            <param index="3">
              <value>
                <![CDATA[sauce]]>
              </value>
            </param>
            <param index="4">
              <value>
                <![CDATA[public void com.romanceabroad.ui.PrettyWomenTests.searchDifferentResults(java.lang.String,java.lang.String,java.lang.String)]]>
              </value>
            </param>
          </params>
          <reporter-output>
          </reporter-output>
        </test-method> <!-- setup -->
        <test-method status="PASS" signature="searchDifferentResults(java.lang.String, java.lang.String, java.lang.String)[pri:2, instance:com.romanceabroad.ui.PrettyWomenTests@5c5a1b69]" name="searchDifferentResults" duration-ms="96339" started-at="2021-01-07T11:27:57 CST" data-provider="PrettyWomen" finished-at="2021-01-07T11:29:33 CST">
          <params>
            <param index="0">
              <value>
                <![CDATA[30]]>
              </value>
            </param>
            <param index="1">
              <value>
                <![CDATA[40]]>
              </value>
            </param>
            <param index="2">
              <value>
                <![CDATA[Views]]>
              </value>
            </param>
          </params>
          <reporter-output>
          </reporter-output>
        </test-method> <!-- searchDifferentResults -->
        <test-method status="PASS" signature="afterActions(org.testng.ITestResult)[pri:0, instance:com.romanceabroad.ui.PrettyWomenTests@5c5a1b69]" name="afterActions" is-config="true" duration-ms="292" started-at="2021-01-07T11:29:33 CST" finished-at="2021-01-07T11:29:33 CST">
          <params>
            <param index="0">
              <value>
                <![CDATA[[TestResult name=searchDifferentResults status=SUCCESS method=PrettyWomenTests.searchDifferentResults(java.lang.String, java.lang.String, java.lang.String)[pri:2, instance:com.romanceabroad.ui.PrettyWomenTests@5c5a1b69] output={null}]]]>
              </value>
            </param>
          </params>
          <reporter-output>
          </reporter-output>
        </test-method> <!-- afterActions -->
        <test-method status="PASS" signature="setup(java.lang.String, java.lang.String, java.lang.String, java.lang.String, java.lang.reflect.Method)[pri:0, instance:com.romanceabroad.ui.PrettyWomenTests@5c5a1b69]" name="setup" is-config="true" duration-ms="9949" started-at="2021-01-07T11:29:33 CST" finished-at="2021-01-07T11:29:43 CST">
          <params>
            <param index="0">
              <value>
                <![CDATA[chrome]]>
              </value>
            </param>
            <param index="1">
              <value>
                <![CDATA[80.0]]>
              </value>
            </param>
            <param index="2">
              <value>
                <![CDATA[Mac]]>
              </value>
            </param>
            <param index="3">
              <value>
                <![CDATA[sauce]]>
              </value>
            </param>
            <param index="4">
              <value>
                <![CDATA[public void com.romanceabroad.ui.PrettyWomenTests.searchDifferentResults(java.lang.String,java.lang.String,java.lang.String)]]>
              </value>
            </param>
          </params>
          <reporter-output>
          </reporter-output>
        </test-method> <!-- setup -->
        <test-method status="PASS" signature="searchDifferentResults(java.lang.String, java.lang.String, java.lang.String)[pri:2, instance:com.romanceabroad.ui.PrettyWomenTests@5c5a1b69]" name="searchDifferentResults" duration-ms="16184" started-at="2021-01-07T11:29:43 CST" data-provider="PrettyWomen" finished-at="2021-01-07T11:29:59 CST">
          <params>
            <param index="0">
              <value>
                <![CDATA[60]]>
              </value>
            </param>
            <param index="1">
              <value>
                <![CDATA[80]]>
              </value>
            </param>
            <param index="2">
              <value>
                <![CDATA[Registration date]]>
              </value>
            </param>
          </params>
          <reporter-output>
          </reporter-output>
        </test-method> <!-- searchDifferentResults -->
        <test-method status="PASS" signature="afterActions(org.testng.ITestResult)[pri:0, instance:com.romanceabroad.ui.PrettyWomenTests@5c5a1b69]" name="afterActions" is-config="true" duration-ms="376" started-at="2021-01-07T11:29:59 CST" finished-at="2021-01-07T11:30:00 CST">
          <params>
            <param index="0">
              <value>
                <![CDATA[[TestResult name=searchDifferentResults status=SUCCESS method=PrettyWomenTests.searchDifferentResults(java.lang.String, java.lang.String, java.lang.String)[pri:2, instance:com.romanceabroad.ui.PrettyWomenTests@5c5a1b69] output={null}]]]>
              </value>
            </param>
          </params>
          <reporter-output>
          </reporter-output>
        </test-method> <!-- afterActions -->
        <test-method status="PASS" signature="setup(java.lang.String, java.lang.String, java.lang.String, java.lang.String, java.lang.reflect.Method)[pri:0, instance:com.romanceabroad.ui.PrettyWomenTests@5c5a1b69]" name="setup" is-config="true" duration-ms="9894" started-at="2021-01-07T11:30:00 CST" finished-at="2021-01-07T11:30:10 CST">
          <params>
            <param index="0">
              <value>
                <![CDATA[chrome]]>
              </value>
            </param>
            <param index="1">
              <value>
                <![CDATA[80.0]]>
              </value>
            </param>
            <param index="2">
              <value>
                <![CDATA[Mac]]>
              </value>
            </param>
            <param index="3">
              <value>
                <![CDATA[sauce]]>
              </value>
            </param>
            <param index="4">
              <value>
                <![CDATA[public void com.romanceabroad.ui.PrettyWomenTests.testSearchButtonTestCase3()]]>
              </value>
            </param>
          </params>
          <reporter-output>
          </reporter-output>
        </test-method> <!-- setup -->
        <test-method status="PASS" signature="testSearchButtonTestCase3()[pri:3, instance:com.romanceabroad.ui.PrettyWomenTests@5c5a1b69]" name="testSearchButtonTestCase3" duration-ms="6765" started-at="2021-01-07T11:30:10 CST" finished-at="2021-01-07T11:30:16 CST">
          <reporter-output>
          </reporter-output>
        </test-method> <!-- testSearchButtonTestCase3 -->
        <test-method status="PASS" signature="afterActions(org.testng.ITestResult)[pri:0, instance:com.romanceabroad.ui.PrettyWomenTests@5c5a1b69]" name="afterActions" is-config="true" duration-ms="337" started-at="2021-01-07T11:30:16 CST" finished-at="2021-01-07T11:30:17 CST">
          <params>
            <param index="0">
              <value>
                <![CDATA[[TestResult name=testSearchButtonTestCase3 status=SUCCESS method=PrettyWomenTests.testSearchButtonTestCase3()[pri:3, instance:com.romanceabroad.ui.PrettyWomenTests@5c5a1b69] output={null}]]]>
              </value>
            </param>
          </params>
          <reporter-output>
          </reporter-output>
        </test-method> <!-- afterActions -->
        <test-method status="PASS" signature="setup(java.lang.String, java.lang.String, java.lang.String, java.lang.String, java.lang.reflect.Method)[pri:0, instance:com.romanceabroad.ui.PrettyWomenTests@5c5a1b69]" name="setup" is-config="true" duration-ms="9485" started-at="2021-01-07T11:30:17 CST" finished-at="2021-01-07T11:30:26 CST">
          <params>
            <param index="0">
              <value>
                <![CDATA[chrome]]>
              </value>
            </param>
            <param index="1">
              <value>
                <![CDATA[80.0]]>
              </value>
            </param>
            <param index="2">
              <value>
                <![CDATA[Mac]]>
              </value>
            </param>
            <param index="3">
              <value>
                <![CDATA[sauce]]>
              </value>
            </param>
            <param index="4">
              <value>
                <![CDATA[public void com.romanceabroad.ui.PrettyWomenTests.testThirdPageTestCase4()]]>
              </value>
            </param>
          </params>
          <reporter-output>
          </reporter-output>
        </test-method> <!-- setup -->
        <test-method status="PASS" signature="testThirdPageTestCase4()[pri:4, instance:com.romanceabroad.ui.PrettyWomenTests@5c5a1b69]" name="testThirdPageTestCase4" duration-ms="8289" started-at="2021-01-07T11:30:26 CST" finished-at="2021-01-07T11:30:35 CST">
          <reporter-output>
          </reporter-output>
        </test-method> <!-- testThirdPageTestCase4 -->
        <test-method status="PASS" signature="afterActions(org.testng.ITestResult)[pri:0, instance:com.romanceabroad.ui.PrettyWomenTests@5c5a1b69]" name="afterActions" is-config="true" duration-ms="304" started-at="2021-01-07T11:30:35 CST" finished-at="2021-01-07T11:30:35 CST">
          <params>
            <param index="0">
              <value>
                <![CDATA[[TestResult name=testThirdPageTestCase4 status=SUCCESS method=PrettyWomenTests.testThirdPageTestCase4()[pri:4, instance:com.romanceabroad.ui.PrettyWomenTests@5c5a1b69] output={null}]]]>
              </value>
            </param>
          </params>
          <reporter-output>
          </reporter-output>
        </test-method> <!-- afterActions -->
      </class> <!-- com.romanceabroad.ui.PrettyWomenTests -->
      <class name="com.romanceabroad.ui.BlogTests">
        <test-method status="PASS" signature="setup(java.lang.String, java.lang.String, java.lang.String, java.lang.String, java.lang.reflect.Method)[pri:0, instance:com.romanceabroad.ui.BlogTests@3dd4520b]" name="setup" is-config="true" duration-ms="15497" started-at="2021-01-07T11:20:29 CST" finished-at="2021-01-07T11:20:44 CST">
          <params>
            <param index="0">
              <value>
                <![CDATA[chrome]]>
              </value>
            </param>
            <param index="1">
              <value>
                <![CDATA[80.0]]>
              </value>
            </param>
            <param index="2">
              <value>
                <![CDATA[Mac]]>
              </value>
            </param>
            <param index="3">
              <value>
                <![CDATA[sauce]]>
              </value>
            </param>
            <param index="4">
              <value>
                <![CDATA[public void com.romanceabroad.ui.BlogTests.testBlogLink()]]>
              </value>
            </param>
          </params>
          <reporter-output>
          </reporter-output>
        </test-method> <!-- setup -->
        <test-method status="PASS" signature="testBlogLink()[pri:0, instance:com.romanceabroad.ui.BlogTests@3dd4520b]" name="testBlogLink" duration-ms="135325" started-at="2021-01-07T11:20:44 CST" finished-at="2021-01-07T11:23:00 CST">
          <reporter-output>
          </reporter-output>
        </test-method> <!-- testBlogLink -->
        <test-method status="PASS" signature="afterActions(org.testng.ITestResult)[pri:0, instance:com.romanceabroad.ui.BlogTests@3dd4520b]" name="afterActions" is-config="true" duration-ms="325" started-at="2021-01-07T11:23:00 CST" finished-at="2021-01-07T11:23:00 CST">
          <params>
            <param index="0">
              <value>
                <![CDATA[[TestResult name=testBlogLink status=SUCCESS method=BlogTests.testBlogLink()[pri:0, instance:com.romanceabroad.ui.BlogTests@3dd4520b] output={null}]]]>
              </value>
            </param>
          </params>
          <reporter-output>
          </reporter-output>
        </test-method> <!-- afterActions -->
      </class> <!-- com.romanceabroad.ui.BlogTests -->
      <class name="com.romanceabroad.ui.TourToUkraineTests">
        <test-method status="PASS" signature="setup(java.lang.String, java.lang.String, java.lang.String, java.lang.String, java.lang.reflect.Method)[pri:0, instance:com.romanceabroad.ui.TourToUkraineTests@2b552920]" name="setup" is-config="true" duration-ms="12164" started-at="2021-01-07T11:31:39 CST" finished-at="2021-01-07T11:31:51 CST">
          <params>
            <param index="0">
              <value>
                <![CDATA[chrome]]>
              </value>
            </param>
            <param index="1">
              <value>
                <![CDATA[80.0]]>
              </value>
            </param>
            <param index="2">
              <value>
                <![CDATA[Mac]]>
              </value>
            </param>
            <param index="3">
              <value>
                <![CDATA[sauce]]>
              </value>
            </param>
            <param index="4">
              <value>
                <![CDATA[public void com.romanceabroad.ui.TourToUkraineTests.testTourToUkraineLink()]]>
              </value>
            </param>
          </params>
          <reporter-output>
          </reporter-output>
        </test-method> <!-- setup -->
        <test-method status="PASS" signature="testTourToUkraineLink()[pri:0, instance:com.romanceabroad.ui.TourToUkraineTests@2b552920]" name="testTourToUkraineLink" duration-ms="4236" started-at="2021-01-07T11:31:51 CST" finished-at="2021-01-07T11:31:55 CST">
          <reporter-output>
          </reporter-output>
        </test-method> <!-- testTourToUkraineLink -->
        <test-method status="PASS" signature="afterActions(org.testng.ITestResult)[pri:0, instance:com.romanceabroad.ui.TourToUkraineTests@2b552920]" name="afterActions" is-config="true" duration-ms="306" started-at="2021-01-07T11:31:55 CST" finished-at="2021-01-07T11:31:56 CST">
          <params>
            <param index="0">
              <value>
                <![CDATA[[TestResult name=testTourToUkraineLink status=SUCCESS method=TourToUkraineTests.testTourToUkraineLink()[pri:0, instance:com.romanceabroad.ui.TourToUkraineTests@2b552920] output={null}]]]>
              </value>
            </param>
          </params>
          <reporter-output>
          </reporter-output>
        </test-method> <!-- afterActions -->
      </class> <!-- com.romanceabroad.ui.TourToUkraineTests -->
      <class name="com.romanceabroad.ui.RegistrationTests">
        <test-method status="PASS" signature="setup(java.lang.String, java.lang.String, java.lang.String, java.lang.String, java.lang.reflect.Method)[pri:0, instance:com.romanceabroad.ui.RegistrationTests@2758fe70]" name="setup" is-config="true" duration-ms="8971" started-at="2021-01-07T11:31:56 CST" finished-at="2021-01-07T11:32:05 CST">
          <params>
            <param index="0">
              <value>
                <![CDATA[chrome]]>
              </value>
            </param>
            <param index="1">
              <value>
                <![CDATA[80.0]]>
              </value>
            </param>
            <param index="2">
              <value>
                <![CDATA[Mac]]>
              </value>
            </param>
            <param index="3">
              <value>
                <![CDATA[sauce]]>
              </value>
            </param>
            <param index="4">
              <value>
                <![CDATA[public void com.romanceabroad.ui.RegistrationTests.testFillInformationRegistrationPage(java.lang.String,java.lang.String,boolean)]]>
              </value>
            </param>
          </params>
          <reporter-output>
          </reporter-output>
        </test-method> <!-- setup -->
        <test-method status="PASS" signature="testFillInformationRegistrationPage(java.lang.String, java.lang.String, boolean)[pri:0, instance:com.romanceabroad.ui.RegistrationTests@2758fe70]" name="testFillInformationRegistrationPage" duration-ms="36383" started-at="2021-01-07T11:32:05 CST" data-provider="Registration2" finished-at="2021-01-07T11:32:41 CST">
          <params>
            <param index="0">
              <value>
                <![CDATA[1grounded@gmail.com]]>
              </value>
            </param>
            <param index="1">
              <value>
                <![CDATA[CrzboundVeHJqWrz5qtWm57RsF4g5Refhr7cuWIubTAJImHNY3V4vAayM48pxHxZ4Ah61vNrqBrB3s8cfJ3PXeojEtPPUJdqRMI04ZbQiyOARMQywUhtb59U1Pdajpcz4kN]]>
              </value>
            </param>
            <param index="2">
              <value>
                <![CDATA[true]]>
              </value>
            </param>
          </params>
          <reporter-output>
          </reporter-output>
        </test-method> <!-- testFillInformationRegistrationPage -->
        <test-method status="PASS" signature="afterActions(org.testng.ITestResult)[pri:0, instance:com.romanceabroad.ui.RegistrationTests@2758fe70]" name="afterActions" is-config="true" duration-ms="340" started-at="2021-01-07T11:32:41 CST" finished-at="2021-01-07T11:32:41 CST">
          <params>
            <param index="0">
              <value>
                <![CDATA[[TestResult name=testFillInformationRegistrationPage status=SUCCESS method=RegistrationTests.testFillInformationRegistrationPage(java.lang.String, java.lang.String, boolean)[pri:0, instance:com.romanceabroad.ui.RegistrationTests@2758fe70] output={null}]]]>
              </value>
            </param>
          </params>
          <reporter-output>
          </reporter-output>
        </test-method> <!-- afterActions -->
        <test-method status="PASS" signature="setup(java.lang.String, java.lang.String, java.lang.String, java.lang.String, java.lang.reflect.Method)[pri:0, instance:com.romanceabroad.ui.RegistrationTests@2758fe70]" name="setup" is-config="true" duration-ms="10396" started-at="2021-01-07T11:32:41 CST" finished-at="2021-01-07T11:32:52 CST">
          <params>
            <param index="0">
              <value>
                <![CDATA[chrome]]>
              </value>
            </param>
            <param index="1">
              <value>
                <![CDATA[80.0]]>
              </value>
            </param>
            <param index="2">
              <value>
                <![CDATA[Mac]]>
              </value>
            </param>
            <param index="3">
              <value>
                <![CDATA[sauce]]>
              </value>
            </param>
            <param index="4">
              <value>
                <![CDATA[public void com.romanceabroad.ui.RegistrationTests.testFillInformationRegistrationPage(java.lang.String,java.lang.String,boolean)]]>
              </value>
            </param>
          </params>
          <reporter-output>
          </reporter-output>
        </test-method> <!-- setup -->
        <test-method status="PASS" signature="testFillInformationRegistrationPage(java.lang.String, java.lang.String, boolean)[pri:0, instance:com.romanceabroad.ui.RegistrationTests@2758fe70]" name="testFillInformationRegistrationPage" duration-ms="3898" started-at="2021-01-07T11:32:52 CST" data-provider="Registration2" finished-at="2021-01-07T11:32:56 CST">
          <params>
            <param index="0">
              <value>
                <![CDATA[2groundedmail.ru]]>
              </value>
            </param>
            <param index="1">
              <value>
                <![CDATA[CrzboundVeHJqWrz5qtWm57RsF4g5Refhr7cuWIubTAJImHNY3V4vAayM48pxHxZ4Ah61vNrqBrB3s8cfJ3PXeojEtPPUJdqRMI04ZbQiyOARMQywUhtb59U1Pdajpcz4kN]]>
              </value>
            </param>
            <param index="2">
              <value>
                <![CDATA[false]]>
              </value>
            </param>
          </params>
          <reporter-output>
          </reporter-output>
        </test-method> <!-- testFillInformationRegistrationPage -->
        <test-method status="PASS" signature="afterActions(org.testng.ITestResult)[pri:0, instance:com.romanceabroad.ui.RegistrationTests@2758fe70]" name="afterActions" is-config="true" duration-ms="331" started-at="2021-01-07T11:32:56 CST" finished-at="2021-01-07T11:32:56 CST">
          <params>
            <param index="0">
              <value>
                <![CDATA[[TestResult name=testFillInformationRegistrationPage status=SUCCESS method=RegistrationTests.testFillInformationRegistrationPage(java.lang.String, java.lang.String, boolean)[pri:0, instance:com.romanceabroad.ui.RegistrationTests@2758fe70] output={null}]]]>
              </value>
            </param>
          </params>
          <reporter-output>
          </reporter-output>
        </test-method> <!-- afterActions -->
        <test-method status="PASS" signature="setup(java.lang.String, java.lang.String, java.lang.String, java.lang.String, java.lang.reflect.Method)[pri:0, instance:com.romanceabroad.ui.RegistrationTests@2758fe70]" name="setup" is-config="true" duration-ms="11314" started-at="2021-01-07T11:32:56 CST" finished-at="2021-01-07T11:33:07 CST">
          <params>
            <param index="0">
              <value>
                <![CDATA[chrome]]>
              </value>
            </param>
            <param index="1">
              <value>
                <![CDATA[80.0]]>
              </value>
            </param>
            <param index="2">
              <value>
                <![CDATA[Mac]]>
              </value>
            </param>
            <param index="3">
              <value>
                <![CDATA[sauce]]>
              </value>
            </param>
            <param index="4">
              <value>
                <![CDATA[public void com.romanceabroad.ui.RegistrationTests.testFillInformationRegistrationPage(java.lang.String,java.lang.String,boolean)]]>
              </value>
            </param>
          </params>
          <reporter-output>
          </reporter-output>
        </test-method> <!-- setup -->
        <test-method status="PASS" signature="testFillInformationRegistrationPage(java.lang.String, java.lang.String, boolean)[pri:0, instance:com.romanceabroad.ui.RegistrationTests@2758fe70]" name="testFillInformationRegistrationPage" duration-ms="37597" started-at="2021-01-07T11:33:07 CST" data-provider="Registration2" finished-at="2021-01-07T11:33:45 CST">
          <params>
            <param index="0">
              <value>
                <![CDATA[3grounded@yahoo.com]]>
              </value>
            </param>
            <param index="1">
              <value>
                <![CDATA[CrzboundVeHJqWrz5qtWm57RsF4g5Refhr7cuWIubTAJImHNY3V4vAayM48pxHxZ4Ah61vNrqBrB3s8cfJ3PXeojEtPPUJdqRMI04ZbQiyOARMQywUhtb59U1Pdajpcz4kN]]>
              </value>
            </param>
            <param index="2">
              <value>
                <![CDATA[true]]>
              </value>
            </param>
          </params>
          <reporter-output>
          </reporter-output>
        </test-method> <!-- testFillInformationRegistrationPage -->
        <test-method status="PASS" signature="afterActions(org.testng.ITestResult)[pri:0, instance:com.romanceabroad.ui.RegistrationTests@2758fe70]" name="afterActions" is-config="true" duration-ms="424" started-at="2021-01-07T11:33:45 CST" finished-at="2021-01-07T11:33:45 CST">
          <params>
            <param index="0">
              <value>
                <![CDATA[[TestResult name=testFillInformationRegistrationPage status=SUCCESS method=RegistrationTests.testFillInformationRegistrationPage(java.lang.String, java.lang.String, boolean)[pri:0, instance:com.romanceabroad.ui.RegistrationTests@2758fe70] output={null}]]]>
              </value>
            </param>
          </params>
          <reporter-output>
          </reporter-output>
        </test-method> <!-- afterActions -->
        <test-method status="PASS" signature="setup(java.lang.String, java.lang.String, java.lang.String, java.lang.String, java.lang.reflect.Method)[pri:0, instance:com.romanceabroad.ui.RegistrationTests@2758fe70]" name="setup" is-config="true" duration-ms="9269" started-at="2021-01-07T11:33:45 CST" finished-at="2021-01-07T11:33:55 CST">
          <params>
            <param index="0">
              <value>
                <![CDATA[chrome]]>
              </value>
            </param>
            <param index="1">
              <value>
                <![CDATA[80.0]]>
              </value>
            </param>
            <param index="2">
              <value>
                <![CDATA[Mac]]>
              </value>
            </param>
            <param index="3">
              <value>
                <![CDATA[sauce]]>
              </value>
            </param>
            <param index="4">
              <value>
                <![CDATA[public void com.romanceabroad.ui.RegistrationTests.testFillInformationRegistrationPage(java.lang.String,java.lang.String,java.lang.String,java.lang.String,java.lang.String,java.lang.String,java.lang.String,java.lang.String)]]>
              </value>
            </param>
          </params>
          <reporter-output>
          </reporter-output>
        </test-method> <!-- setup -->
        <test-method status="PASS" signature="testFillInformationRegistrationPage(java.lang.String, java.lang.String, java.lang.String, java.lang.String, java.lang.String, java.lang.String, java.lang.String, java.lang.String)[pri:0, instance:com.romanceabroad.ui.RegistrationTests@2758fe70]" name="testFillInformationRegistrationPage" duration-ms="38490" started-at="2021-01-07T11:33:55 CST" data-provider="Registration" finished-at="2021-01-07T11:34:33 CST">
          <params>
            <param index="0">
              <value>
                <![CDATA[horsethebest@gmail.com]]>
              </value>
            </param>
            <param index="1">
              <value>
                <![CDATA[oemfwofmwofmwof12]]>
              </value>
            </param>
            <param index="2">
              <value>
                <![CDATA[4]]>
              </value>
            </param>
            <param index="3">
              <value>
                <![CDATA[Jun]]>
              </value>
            </param>
            <param index="4">
              <value>
                <![CDATA[1996]]>
              </value>
            </param>
            <param index="5">
              <value>
                <![CDATA[9146615378]]>
              </value>
            </param>
            <param index="6">
              <value>
                <![CDATA[Seattle]]>
              </value>
            </param>
            <param index="7">
              <value>
                <![CDATA[United States]]>
              </value>
            </param>
          </params>
          <reporter-output>
          </reporter-output>
        </test-method> <!-- testFillInformationRegistrationPage -->
        <test-method status="PASS" signature="afterActions(org.testng.ITestResult)[pri:0, instance:com.romanceabroad.ui.RegistrationTests@2758fe70]" name="afterActions" is-config="true" duration-ms="341" started-at="2021-01-07T11:34:33 CST" finished-at="2021-01-07T11:34:34 CST">
          <params>
            <param index="0">
              <value>
                <![CDATA[[TestResult name=testFillInformationRegistrationPage status=SUCCESS method=RegistrationTests.testFillInformationRegistrationPage(java.lang.String, java.lang.String, java.lang.String, java.lang.String, java.lang.String, java.lang.String, java.lang.String, java.lang.String)[pri:0, instance:com.romanceabroad.ui.RegistrationTests@2758fe70] output={null}]]]>
              </value>
            </param>
          </params>
          <reporter-output>
          </reporter-output>
        </test-method> <!-- afterActions -->
      </class> <!-- com.romanceabroad.ui.RegistrationTests -->
      <class name="com.romanceabroad.ui.ContactUsTests">
        <test-method status="PASS" signature="setup(java.lang.String, java.lang.String, java.lang.String, java.lang.String, java.lang.reflect.Method)[pri:0, instance:com.romanceabroad.ui.ContactUsTests@627551fb]" name="setup" is-config="true" duration-ms="9467" started-at="2021-01-07T11:31:11 CST" finished-at="2021-01-07T11:31:20 CST">
          <params>
            <param index="0">
              <value>
                <![CDATA[chrome]]>
              </value>
            </param>
            <param index="1">
              <value>
                <![CDATA[80.0]]>
              </value>
            </param>
            <param index="2">
              <value>
                <![CDATA[Mac]]>
              </value>
            </param>
            <param index="3">
              <value>
                <![CDATA[sauce]]>
              </value>
            </param>
            <param index="4">
              <value>
                <![CDATA[public void com.romanceabroad.ui.ContactUsTests.testFillInContactUsPage()]]>
              </value>
            </param>
          </params>
          <reporter-output>
          </reporter-output>
        </test-method> <!-- setup -->
        <test-method status="PASS" signature="testFillInContactUsPage()[pri:0, instance:com.romanceabroad.ui.ContactUsTests@627551fb]" name="testFillInContactUsPage" duration-ms="18650" started-at="2021-01-07T11:31:20 CST" finished-at="2021-01-07T11:31:39 CST">
          <reporter-output>
          </reporter-output>
        </test-method> <!-- testFillInContactUsPage -->
        <test-method status="PASS" signature="afterActions(org.testng.ITestResult)[pri:0, instance:com.romanceabroad.ui.ContactUsTests@627551fb]" name="afterActions" is-config="true" duration-ms="265" started-at="2021-01-07T11:31:39 CST" finished-at="2021-01-07T11:31:39 CST">
          <params>
            <param index="0">
              <value>
                <![CDATA[[TestResult name=testFillInContactUsPage status=SUCCESS method=ContactUsTests.testFillInContactUsPage()[pri:0, instance:com.romanceabroad.ui.ContactUsTests@627551fb] output={null}]]]>
              </value>
            </param>
          </params>
          <reporter-output>
          </reporter-output>
        </test-method> <!-- afterActions -->
      </class> <!-- com.romanceabroad.ui.ContactUsTests -->
      <class name="com.romanceabroad.ui.GiftsTests">
        <test-method status="PASS" signature="setup(java.lang.String, java.lang.String, java.lang.String, java.lang.String, java.lang.reflect.Method)[pri:0, instance:com.romanceabroad.ui.GiftsTests@23e028a9]" name="setup" is-config="true" duration-ms="10556" started-at="2021-01-07T11:20:15 CST" finished-at="2021-01-07T11:20:26 CST">
          <params>
            <param index="0">
              <value>
                <![CDATA[chrome]]>
              </value>
            </param>
            <param index="1">
              <value>
                <![CDATA[80.0]]>
              </value>
            </param>
            <param index="2">
              <value>
                <![CDATA[Mac]]>
              </value>
            </param>
            <param index="3">
              <value>
                <![CDATA[sauce]]>
              </value>
            </param>
            <param index="4">
              <value>
                <![CDATA[public void com.romanceabroad.ui.GiftsTests.testGiftsLink()]]>
              </value>
            </param>
          </params>
          <reporter-output>
          </reporter-output>
        </test-method> <!-- setup -->
        <test-method status="PASS" signature="testGiftsLink()[pri:0, instance:com.romanceabroad.ui.GiftsTests@23e028a9]" name="testGiftsLink" duration-ms="2347" started-at="2021-01-07T11:20:26 CST" finished-at="2021-01-07T11:20:28 CST">
          <reporter-output>
          </reporter-output>
        </test-method> <!-- testGiftsLink -->
        <test-method status="PASS" signature="afterActions(org.testng.ITestResult)[pri:0, instance:com.romanceabroad.ui.GiftsTests@23e028a9]" name="afterActions" is-config="true" duration-ms="628" started-at="2021-01-07T11:20:28 CST" finished-at="2021-01-07T11:20:29 CST">
          <params>
            <param index="0">
              <value>
                <![CDATA[[TestResult name=testGiftsLink status=SUCCESS method=GiftsTests.testGiftsLink()[pri:0, instance:com.romanceabroad.ui.GiftsTests@23e028a9] output={null}]]]>
              </value>
            </param>
          </params>
          <reporter-output>
          </reporter-output>
        </test-method> <!-- afterActions -->
      </class> <!-- com.romanceabroad.ui.GiftsTests -->
      <class name="com.romanceabroad.ui.PhotosTests">
        <test-method status="PASS" signature="setup(java.lang.String, java.lang.String, java.lang.String, java.lang.String, java.lang.reflect.Method)[pri:0, instance:com.romanceabroad.ui.PhotosTests@43814d18]" name="setup" is-config="true" duration-ms="8765" started-at="2021-01-07T11:24:25 CST" finished-at="2021-01-07T11:24:34 CST">
          <params>
            <param index="0">
              <value>
                <![CDATA[chrome]]>
              </value>
            </param>
            <param index="1">
              <value>
                <![CDATA[80.0]]>
              </value>
            </param>
            <param index="2">
              <value>
                <![CDATA[Mac]]>
              </value>
            </param>
            <param index="3">
              <value>
                <![CDATA[sauce]]>
              </value>
            </param>
            <param index="4">
              <value>
                <![CDATA[public void com.romanceabroad.ui.PhotosTests.testPhotosLink()]]>
              </value>
            </param>
          </params>
          <reporter-output>
          </reporter-output>
        </test-method> <!-- setup -->
        <test-method status="PASS" signature="testPhotosLink()[pri:1, instance:com.romanceabroad.ui.PhotosTests@43814d18]" name="testPhotosLink" duration-ms="2555" started-at="2021-01-07T11:24:34 CST" finished-at="2021-01-07T11:24:36 CST">
          <reporter-output>
          </reporter-output>
        </test-method> <!-- testPhotosLink -->
        <test-method status="PASS" signature="afterActions(org.testng.ITestResult)[pri:0, instance:com.romanceabroad.ui.PhotosTests@43814d18]" name="afterActions" is-config="true" duration-ms="393" started-at="2021-01-07T11:24:36 CST" finished-at="2021-01-07T11:24:37 CST">
          <params>
            <param index="0">
              <value>
                <![CDATA[[TestResult name=testPhotosLink status=SUCCESS method=PhotosTests.testPhotosLink()[pri:1, instance:com.romanceabroad.ui.PhotosTests@43814d18] output={null}]]]>
              </value>
            </param>
          </params>
          <reporter-output>
          </reporter-output>
        </test-method> <!-- afterActions -->
        <test-method status="PASS" signature="setup(java.lang.String, java.lang.String, java.lang.String, java.lang.String, java.lang.reflect.Method)[pri:0, instance:com.romanceabroad.ui.PhotosTests@43814d18]" name="setup" is-config="true" duration-ms="8446" started-at="2021-01-07T11:24:37 CST" finished-at="2021-01-07T11:24:45 CST">
          <params>
            <param index="0">
              <value>
                <![CDATA[chrome]]>
              </value>
            </param>
            <param index="1">
              <value>
                <![CDATA[80.0]]>
              </value>
            </param>
            <param index="2">
              <value>
                <![CDATA[Mac]]>
              </value>
            </param>
            <param index="3">
              <value>
                <![CDATA[sauce]]>
              </value>
            </param>
            <param index="4">
              <value>
                <![CDATA[public void com.romanceabroad.ui.PhotosTests.testClickButtonAddPhoto()]]>
              </value>
            </param>
          </params>
          <reporter-output>
          </reporter-output>
        </test-method> <!-- setup -->
        <test-method status="PASS" signature="testClickButtonAddPhoto()[pri:2, instance:com.romanceabroad.ui.PhotosTests@43814d18]" name="testClickButtonAddPhoto" duration-ms="10107" started-at="2021-01-07T11:24:45 CST" finished-at="2021-01-07T11:24:55 CST">
          <reporter-output>
          </reporter-output>
        </test-method> <!-- testClickButtonAddPhoto -->
        <test-method status="PASS" signature="afterActions(org.testng.ITestResult)[pri:0, instance:com.romanceabroad.ui.PhotosTests@43814d18]" name="afterActions" is-config="true" duration-ms="295" started-at="2021-01-07T11:24:55 CST" finished-at="2021-01-07T11:24:55 CST">
          <params>
            <param index="0">
              <value>
                <![CDATA[[TestResult name=testClickButtonAddPhoto status=SUCCESS method=PhotosTests.testClickButtonAddPhoto()[pri:2, instance:com.romanceabroad.ui.PhotosTests@43814d18] output={null}]]]>
              </value>
            </param>
          </params>
          <reporter-output>
          </reporter-output>
        </test-method> <!-- afterActions -->
        <test-method status="PASS" signature="setup(java.lang.String, java.lang.String, java.lang.String, java.lang.String, java.lang.reflect.Method)[pri:0, instance:com.romanceabroad.ui.PhotosTests@43814d18]" name="setup" is-config="true" duration-ms="9534" started-at="2021-01-07T11:24:55 CST" finished-at="2021-01-07T11:25:05 CST">
          <params>
            <param index="0">
              <value>
                <![CDATA[chrome]]>
              </value>
            </param>
            <param index="1">
              <value>
                <![CDATA[80.0]]>
              </value>
            </param>
            <param index="2">
              <value>
                <![CDATA[Mac]]>
              </value>
            </param>
            <param index="3">
              <value>
                <![CDATA[sauce]]>
              </value>
            </param>
            <param index="4">
              <value>
                <![CDATA[public void com.romanceabroad.ui.PhotosTests.testTabs()]]>
              </value>
            </param>
          </params>
          <reporter-output>
          </reporter-output>
        </test-method> <!-- setup -->
        <test-method status="PASS" signature="testTabs()[pri:3, instance:com.romanceabroad.ui.PhotosTests@43814d18]" name="testTabs" duration-ms="5104" started-at="2021-01-07T11:25:05 CST" finished-at="2021-01-07T11:25:10 CST">
          <reporter-output>
          </reporter-output>
        </test-method> <!-- testTabs -->
        <test-method status="PASS" signature="afterActions(org.testng.ITestResult)[pri:0, instance:com.romanceabroad.ui.PhotosTests@43814d18]" name="afterActions" is-config="true" duration-ms="264" started-at="2021-01-07T11:25:10 CST" finished-at="2021-01-07T11:25:10 CST">
          <params>
            <param index="0">
              <value>
                <![CDATA[[TestResult name=testTabs status=SUCCESS method=PhotosTests.testTabs()[pri:3, instance:com.romanceabroad.ui.PhotosTests@43814d18] output={null}]]]>
              </value>
            </param>
          </params>
          <reporter-output>
          </reporter-output>
        </test-method> <!-- afterActions -->
      </class> <!-- com.romanceabroad.ui.PhotosTests -->
      <class name="com.romanceabroad.ui.MainTests">
        <test-method status="PASS" signature="setup(java.lang.String, java.lang.String, java.lang.String, java.lang.String, java.lang.reflect.Method)[pri:0, instance:com.romanceabroad.ui.MainTests@610694f1]" name="setup" is-config="true" duration-ms="8703" started-at="2021-01-07T11:23:47 CST" finished-at="2021-01-07T11:23:56 CST">
          <params>
            <param index="0">
              <value>
                <![CDATA[chrome]]>
              </value>
            </param>
            <param index="1">
              <value>
                <![CDATA[80.0]]>
              </value>
            </param>
            <param index="2">
              <value>
                <![CDATA[Mac]]>
              </value>
            </param>
            <param index="3">
              <value>
                <![CDATA[sauce]]>
              </value>
            </param>
            <param index="4">
              <value>
                <![CDATA[public void com.romanceabroad.ui.MainTests.testYoutubePlayButtonTestCase9()]]>
              </value>
            </param>
          </params>
          <reporter-output>
          </reporter-output>
        </test-method> <!-- setup -->
        <test-method status="PASS" signature="testYoutubePlayButtonTestCase9()[pri:1, instance:com.romanceabroad.ui.MainTests@610694f1]" name="testYoutubePlayButtonTestCase9" duration-ms="4300" started-at="2021-01-07T11:23:56 CST" finished-at="2021-01-07T11:24:00 CST">
          <reporter-output>
          </reporter-output>
        </test-method> <!-- testYoutubePlayButtonTestCase9 -->
        <test-method status="PASS" signature="afterActions(org.testng.ITestResult)[pri:0, instance:com.romanceabroad.ui.MainTests@610694f1]" name="afterActions" is-config="true" duration-ms="306" started-at="2021-01-07T11:24:00 CST" finished-at="2021-01-07T11:24:01 CST">
          <params>
            <param index="0">
              <value>
                <![CDATA[[TestResult name=testYoutubePlayButtonTestCase9 status=SUCCESS method=MainTests.testYoutubePlayButtonTestCase9()[pri:1, instance:com.romanceabroad.ui.MainTests@610694f1] output={null}]]]>
              </value>
            </param>
          </params>
          <reporter-output>
          </reporter-output>
        </test-method> <!-- afterActions -->
        <test-method status="PASS" signature="setup(java.lang.String, java.lang.String, java.lang.String, java.lang.String, java.lang.reflect.Method)[pri:0, instance:com.romanceabroad.ui.MainTests@610694f1]" name="setup" is-config="true" duration-ms="9055" started-at="2021-01-07T11:24:01 CST" finished-at="2021-01-07T11:24:10 CST">
          <params>
            <param index="0">
              <value>
                <![CDATA[chrome]]>
              </value>
            </param>
            <param index="1">
              <value>
                <![CDATA[80.0]]>
              </value>
            </param>
            <param index="2">
              <value>
                <![CDATA[Mac]]>
              </value>
            </param>
            <param index="3">
              <value>
                <![CDATA[sauce]]>
              </value>
            </param>
            <param index="4">
              <value>
                <![CDATA[public void com.romanceabroad.ui.MainTests.testCheckCountTitlesTestCase10()]]>
              </value>
            </param>
          </params>
          <reporter-output>
          </reporter-output>
        </test-method> <!-- setup -->
        <test-method status="PASS" signature="testCheckCountTitlesTestCase10()[pri:2, instance:com.romanceabroad.ui.MainTests@610694f1]" name="testCheckCountTitlesTestCase10" duration-ms="466" started-at="2021-01-07T11:24:10 CST" finished-at="2021-01-07T11:24:10 CST">
          <reporter-output>
          </reporter-output>
        </test-method> <!-- testCheckCountTitlesTestCase10 -->
        <test-method status="PASS" signature="afterActions(org.testng.ITestResult)[pri:0, instance:com.romanceabroad.ui.MainTests@610694f1]" name="afterActions" is-config="true" duration-ms="525" started-at="2021-01-07T11:24:10 CST" finished-at="2021-01-07T11:24:11 CST">
          <params>
            <param index="0">
              <value>
                <![CDATA[[TestResult name=testCheckCountTitlesTestCase10 status=SUCCESS method=MainTests.testCheckCountTitlesTestCase10()[pri:2, instance:com.romanceabroad.ui.MainTests@610694f1] output={null}]]]>
              </value>
            </param>
          </params>
          <reporter-output>
          </reporter-output>
        </test-method> <!-- afterActions -->
        <test-method status="PASS" signature="setup(java.lang.String, java.lang.String, java.lang.String, java.lang.String, java.lang.reflect.Method)[pri:0, instance:com.romanceabroad.ui.MainTests@610694f1]" name="setup" is-config="true" duration-ms="13026" started-at="2021-01-07T11:24:11 CST" finished-at="2021-01-07T11:24:24 CST">
          <params>
            <param index="0">
              <value>
                <![CDATA[chrome]]>
              </value>
            </param>
            <param index="1">
              <value>
                <![CDATA[80.0]]>
              </value>
            </param>
            <param index="2">
              <value>
                <![CDATA[Mac]]>
              </value>
            </param>
            <param index="3">
              <value>
                <![CDATA[sauce]]>
              </value>
            </param>
            <param index="4">
              <value>
                <![CDATA[public void com.romanceabroad.ui.MainTests.testCheckMainTitlesTestCase11()]]>
              </value>
            </param>
          </params>
          <reporter-output>
          </reporter-output>
        </test-method> <!-- setup -->
        <test-method status="PASS" signature="testCheckMainTitlesTestCase11()[pri:3, instance:com.romanceabroad.ui.MainTests@610694f1]" name="testCheckMainTitlesTestCase11" duration-ms="652" started-at="2021-01-07T11:24:24 CST" finished-at="2021-01-07T11:24:25 CST">
          <reporter-output>
          </reporter-output>
        </test-method> <!-- testCheckMainTitlesTestCase11 -->
        <test-method status="PASS" signature="afterActions(org.testng.ITestResult)[pri:0, instance:com.romanceabroad.ui.MainTests@610694f1]" name="afterActions" is-config="true" duration-ms="376" started-at="2021-01-07T11:24:25 CST" finished-at="2021-01-07T11:24:25 CST">
          <params>
            <param index="0">
              <value>
                <![CDATA[[TestResult name=testCheckMainTitlesTestCase11 status=SUCCESS method=MainTests.testCheckMainTitlesTestCase11()[pri:3, instance:com.romanceabroad.ui.MainTests@610694f1] output={null}]]]>
              </value>
            </param>
          </params>
          <reporter-output>
          </reporter-output>
        </test-method> <!-- afterActions -->
      </class> <!-- com.romanceabroad.ui.MainTests -->
    </test> <!-- ChromeTestCases -->
  </suite> <!-- TestSuite -->
</testng-results>
